TN:
SF:C:\git\Bitcadia\scripts\app.html.js
FNF:0
FNH:0
DA:1,1
LF:1
LH:1
BRDA:1,0,0,1
BRF:1
BRH:1
end_of_record
TN:
SF:C:\git\Bitcadia\scripts\app.js
FNF:0
FNH:0
DA:1,0
DA:2,0
DA:3,0
DA:4,0
DA:5,0
DA:6,0
DA:7,1
DA:8,1
DA:9,1
DA:10,2
DA:11,2
DA:12,2
DA:13,2
DA:14,2
DA:15,2
DA:16,2
DA:17,2
DA:18,2
DA:19,2
DA:20,2
DA:21,2
DA:22,2
DA:23,2
DA:24,2
DA:25,2
DA:26,2
DA:27,2
DA:28,2
DA:29,2
DA:30,2
DA:31,2
DA:32,2
DA:33,2
DA:34,2
DA:35,2
DA:36,2
DA:37,2
DA:38,2
DA:39,2
DA:40,2
DA:41,2
DA:42,2
DA:43,2
DA:44,2
DA:45,2
DA:46,2
DA:47,2
DA:48,2
DA:49,2
DA:50,2
DA:51,2
DA:52,2
DA:53,2
DA:54,2
DA:55,2
DA:56,2
DA:57,2
DA:58,2
DA:59,2
DA:60,2
DA:61,2
DA:62,2
DA:63,2
DA:64,2
DA:65,2
DA:66,2
DA:67,2
DA:68,2
DA:69,2
DA:70,2
DA:71,2
DA:72,2
DA:73,2
DA:74,2
DA:75,2
DA:76,2
DA:77,2
DA:78,2
DA:79,2
DA:80,2
DA:81,2
DA:82,2
DA:83,2
DA:84,2
DA:85,2
DA:86,2
DA:87,2
DA:88,2
DA:89,2
DA:90,2
DA:91,2
DA:92,2
DA:93,2
DA:94,2
DA:95,2
DA:96,2
DA:97,2
DA:98,2
DA:99,2
DA:100,2
DA:101,2
DA:102,2
DA:103,2
DA:104,2
DA:105,2
DA:106,2
DA:107,2
DA:108,2
DA:109,2
DA:110,2
DA:111,2
DA:112,2
DA:113,2
DA:114,2
DA:115,2
DA:116,2
DA:117,2
DA:118,2
DA:119,2
DA:120,2
DA:121,2
DA:122,2
DA:123,2
DA:124,2
DA:125,2
DA:126,2
DA:127,2
DA:128,2
DA:129,2
DA:130,2
DA:131,2
DA:132,2
DA:133,1
DA:134,1
DA:135,1
DA:136,1
DA:137,2
DA:138,2
DA:139,2
DA:140,2
DA:141,2
DA:142,2
DA:143,2
DA:144,2
DA:145,2
DA:146,2
DA:147,2
DA:148,2
DA:149,2
LF:149
LH:143
BRDA:1,0,0,2
BRDA:6,1,0,2
BRDA:136,2,0,2
BRF:3
BRH:3
end_of_record
TN:
SF:C:\git\Bitcadia\scripts\app.spec.js
FNF:0
FNH:0
DA:1,1
DA:2,1
DA:3,1
DA:4,1
DA:5,1
DA:6,0
DA:7,0
DA:8,0
DA:9,0
DA:10,0
DA:11,0
DA:12,0
DA:13,1
DA:14,1
DA:15,1
DA:16,1
DA:17,1
DA:18,1
DA:19,1
DA:20,1
DA:21,1
DA:22,1
DA:23,1
DA:24,1
DA:25,1
DA:26,1
DA:27,1
DA:28,1
DA:29,1
DA:30,1
DA:31,1
DA:32,1
DA:33,1
LF:33
LH:26
BRDA:1,0,0,1
BRDA:6,1,0,1
BRDA:7,2,0,1
BRDA:8,3,0,1
BRDA:9,4,0,1
BRDA:12,5,0,1
BRF:6
BRH:6
end_of_record
TN:
SF:C:\git\Bitcadia\scripts\aurelia-karma.js
FNF:0
FNH:0
DA:1,1
DA:2,1
DA:3,1
DA:4,1
DA:5,1
DA:6,1
DA:7,1
DA:8,1
DA:9,1
DA:10,1
DA:11,1
DA:12,1
DA:13,1
DA:14,1
DA:15,1
DA:16,1
DA:17,1
DA:18,1
DA:19,1
DA:20,1
DA:21,1
DA:22,1
DA:23,1
DA:24,1
DA:25,1
DA:26,1
DA:27,1
DA:28,1
DA:29,1
DA:30,1
DA:31,1
DA:32,1
DA:33,1
DA:34,1
DA:35,1
DA:36,1
DA:37,1
DA:38,1
DA:39,0
DA:40,0
DA:41,0
DA:42,0
DA:43,0
DA:44,0
DA:45,0
DA:46,1
DA:47,1
DA:48,1
DA:49,1
DA:50,1
DA:51,1
DA:52,1
DA:53,1
DA:54,1
DA:55,1
DA:56,1
DA:57,1
DA:58,1
DA:59,1
DA:60,1
DA:61,1
DA:62,0
DA:63,0
DA:64,0
DA:65,0
DA:66,1
DA:67,1
DA:68,1
DA:69,1
DA:70,0
DA:71,0
DA:72,0
DA:73,0
DA:74,0
DA:75,0
DA:76,0
DA:77,1
DA:78,0
DA:79,0
DA:80,0
DA:81,0
DA:82,0
DA:83,0
DA:84,1
DA:85,1
DA:86,1
DA:87,1
DA:88,1
DA:89,1
DA:90,1
DA:91,1
DA:92,0
DA:93,0
DA:94,0
DA:95,0
DA:96,0
DA:97,0
DA:98,0
DA:99,0
DA:100,0
DA:101,0
DA:102,0
DA:103,0
DA:104,0
DA:105,0
DA:106,0
DA:107,1
DA:108,1
DA:109,1
DA:110,1
DA:111,1
DA:112,1
DA:113,1
DA:114,1
DA:115,1
DA:116,1
DA:117,0
DA:118,0
DA:119,0
DA:120,0
DA:121,0
DA:122,0
DA:123,0
DA:124,0
DA:125,0
DA:126,0
DA:127,1
DA:128,1
DA:129,1
DA:130,1
DA:131,1
DA:132,1
DA:133,1
DA:134,0
DA:135,0
DA:136,0
DA:137,0
DA:138,0
DA:139,0
DA:140,0
DA:141,1
DA:142,1
DA:143,1
DA:144,1
DA:145,1
DA:146,1
DA:147,1
DA:148,1
DA:149,1
DA:150,1
DA:151,0
DA:152,0
DA:153,0
DA:154,0
DA:155,1
DA:156,1
DA:157,1
DA:158,1
DA:159,1
DA:160,1
DA:161,1
DA:162,0
DA:163,0
DA:164,0
DA:165,1
DA:166,1
DA:167,1
DA:168,1
DA:169,1
DA:170,1
DA:171,1
DA:172,1
DA:173,1
DA:174,1
DA:175,1
DA:176,1
DA:177,0
DA:178,0
DA:179,0
DA:180,0
DA:181,0
DA:182,1
DA:183,1
DA:184,1
DA:185,1
DA:186,1
DA:187,1
DA:188,1
DA:189,1
DA:190,1
DA:191,1
DA:192,1
DA:193,1
DA:194,1
DA:195,1
DA:196,1
DA:197,1
DA:198,1
DA:199,0
DA:200,0
DA:201,0
DA:202,0
DA:203,0
DA:204,0
DA:205,0
DA:206,0
DA:207,0
DA:208,0
DA:209,0
DA:210,0
DA:211,0
DA:212,0
DA:213,0
DA:214,0
DA:215,0
DA:216,0
DA:217,0
DA:218,0
DA:219,0
DA:220,0
DA:221,0
DA:222,0
DA:223,0
DA:224,0
DA:225,0
DA:226,0
DA:227,0
DA:228,0
DA:229,0
DA:230,0
DA:231,0
DA:232,0
DA:233,0
DA:234,0
DA:235,0
DA:236,0
DA:237,0
DA:238,0
DA:239,0
DA:240,0
DA:241,0
DA:242,0
DA:243,0
DA:244,0
DA:245,0
DA:246,0
DA:247,0
DA:248,0
DA:249,0
DA:250,0
DA:251,0
DA:252,0
DA:253,0
DA:254,0
DA:255,0
DA:256,0
DA:257,0
DA:258,0
DA:259,0
DA:260,0
DA:261,0
DA:262,0
DA:263,0
DA:264,0
DA:265,0
DA:266,0
DA:267,0
DA:268,0
DA:269,0
DA:270,0
DA:271,0
DA:272,0
DA:273,0
DA:274,0
DA:275,0
DA:276,0
DA:277,0
DA:278,0
DA:279,0
DA:280,0
DA:281,0
DA:282,0
DA:283,0
DA:284,0
DA:285,0
DA:286,0
DA:287,0
DA:288,0
DA:289,0
DA:290,0
DA:291,0
DA:292,0
DA:293,0
DA:294,0
DA:295,0
DA:296,0
DA:297,0
DA:298,0
DA:299,0
DA:300,0
DA:301,0
DA:302,0
DA:303,0
DA:304,0
DA:305,0
DA:306,0
DA:307,0
DA:308,0
DA:309,0
DA:310,0
DA:311,0
DA:312,0
DA:313,0
DA:314,0
DA:315,0
DA:316,0
DA:317,0
DA:318,0
DA:319,0
DA:320,0
DA:321,0
DA:322,0
DA:323,0
DA:324,0
DA:325,0
DA:326,0
DA:327,0
DA:328,0
DA:329,0
DA:330,0
DA:331,0
DA:332,0
DA:333,0
DA:334,0
DA:335,0
DA:336,0
DA:337,0
DA:338,0
DA:339,0
DA:340,0
DA:341,0
DA:342,0
DA:343,0
DA:344,0
DA:345,0
DA:346,0
DA:347,0
DA:348,0
DA:349,0
DA:350,0
DA:351,0
DA:352,0
DA:353,0
DA:354,0
DA:355,0
DA:356,0
DA:357,0
DA:358,0
DA:359,0
DA:360,0
DA:361,0
DA:362,0
DA:363,0
DA:364,1
DA:365,1
DA:366,1
DA:367,0
DA:368,0
DA:369,0
DA:370,0
DA:371,0
DA:372,0
DA:373,0
DA:374,0
DA:375,0
DA:376,0
DA:377,0
DA:378,0
DA:379,0
DA:380,1
DA:381,1
DA:382,1
DA:383,1
DA:384,1
DA:385,1
DA:386,1
DA:387,1
DA:388,0
DA:389,0
DA:390,0
DA:391,0
DA:392,0
DA:393,0
DA:394,0
DA:395,0
DA:396,0
DA:397,0
DA:398,0
DA:399,0
DA:400,0
DA:401,0
DA:402,0
DA:403,0
DA:404,0
DA:405,0
DA:406,0
DA:407,0
DA:408,0
DA:409,0
DA:410,0
DA:411,0
DA:412,0
DA:413,0
DA:414,0
DA:415,0
DA:416,0
DA:417,0
DA:418,0
DA:419,0
DA:420,0
DA:421,0
DA:422,0
DA:423,0
DA:424,0
DA:425,0
DA:426,0
DA:427,0
DA:428,0
DA:429,0
DA:430,0
DA:431,0
DA:432,0
DA:433,0
DA:434,0
DA:435,0
DA:436,0
DA:437,0
DA:438,0
DA:439,0
DA:440,0
DA:441,0
DA:442,0
DA:443,0
DA:444,0
DA:445,0
DA:446,0
DA:447,0
DA:448,0
DA:449,1
DA:450,1
DA:451,1
DA:452,1
DA:453,1
DA:454,1
DA:455,1
DA:456,1
DA:457,1
DA:458,1
DA:459,1
DA:460,1
DA:461,1
DA:462,1
DA:463,0
DA:464,0
DA:465,0
DA:466,1
DA:467,1
DA:468,1
DA:469,1
DA:470,1
DA:471,1
DA:472,1
DA:473,1
DA:474,1
DA:475,1
DA:476,1
DA:477,0
DA:478,0
DA:479,0
DA:480,1
DA:481,1
DA:482,1
DA:483,1
DA:484,1
DA:485,1
DA:486,1
DA:487,1
DA:488,1
DA:489,1
DA:490,0
DA:491,0
DA:492,0
DA:493,0
DA:494,0
DA:495,0
DA:496,0
DA:497,1
DA:498,0
DA:499,0
DA:500,0
DA:501,0
DA:502,0
DA:503,0
DA:504,0
DA:505,0
DA:506,0
DA:507,0
DA:508,0
DA:509,0
DA:510,0
DA:511,0
DA:512,0
DA:513,0
DA:514,1
DA:515,0
DA:516,0
DA:517,0
DA:518,0
DA:519,0
DA:520,0
DA:521,0
DA:522,0
DA:523,1
DA:524,0
DA:525,0
DA:526,0
DA:527,0
DA:528,0
DA:529,0
DA:530,0
DA:531,0
DA:532,0
DA:533,0
DA:534,0
DA:535,0
DA:536,0
DA:537,0
DA:538,0
DA:539,0
DA:540,0
DA:541,0
DA:542,0
DA:543,0
DA:544,0
DA:545,0
DA:546,0
DA:547,0
DA:548,0
DA:549,0
DA:550,0
DA:551,0
DA:552,0
DA:553,0
DA:554,0
DA:555,0
DA:556,0
DA:557,0
DA:558,0
DA:559,0
DA:560,1
DA:561,0
DA:562,0
DA:563,0
DA:564,1
DA:565,0
DA:566,0
DA:567,0
DA:568,0
DA:569,0
DA:570,0
DA:571,0
DA:572,0
DA:573,0
DA:574,0
DA:575,0
DA:576,0
DA:577,0
DA:578,0
DA:579,0
DA:580,0
DA:581,0
DA:582,1
DA:583,0
DA:584,0
DA:585,0
DA:586,0
DA:587,0
DA:588,0
DA:589,0
DA:590,0
DA:591,0
DA:592,0
DA:593,0
DA:594,0
DA:595,0
DA:596,0
DA:597,0
DA:598,0
DA:599,0
DA:600,0
DA:601,0
DA:602,0
DA:603,0
DA:604,0
DA:605,0
DA:606,0
DA:607,0
DA:608,0
DA:609,0
DA:610,0
DA:611,0
DA:612,0
DA:613,0
DA:614,0
DA:615,0
DA:616,0
DA:617,0
DA:618,0
DA:619,0
DA:620,0
DA:621,0
DA:622,1
DA:623,0
DA:624,0
DA:625,0
DA:626,0
DA:627,0
DA:628,0
DA:629,0
DA:630,0
DA:631,0
DA:632,0
DA:633,0
DA:634,0
DA:635,0
DA:636,0
DA:637,0
DA:638,0
DA:639,0
DA:640,0
DA:641,0
DA:642,0
DA:643,0
DA:644,0
DA:645,0
DA:646,0
DA:647,0
DA:648,1
DA:649,1
DA:650,1
DA:651,1
DA:652,1
DA:653,1
DA:654,1
DA:655,1
DA:656,1
DA:657,1
DA:658,1
DA:659,1
DA:660,1
DA:661,1
DA:662,0
DA:663,0
DA:664,0
DA:665,1
DA:666,0
DA:667,0
DA:668,0
DA:669,1
DA:670,1
DA:671,1
DA:672,1
DA:673,0
DA:674,1
DA:675,1
DA:676,1
DA:677,1
DA:678,1
DA:679,1
DA:680,1
DA:681,1
DA:682,1
DA:683,1
DA:684,1
DA:685,1
DA:686,1
DA:687,1
DA:688,1
DA:689,1
DA:690,1
DA:691,1
DA:692,1
DA:693,1
DA:694,1
DA:695,1
DA:696,1
DA:697,1
DA:698,0
DA:699,0
DA:700,0
DA:701,0
DA:702,1
DA:703,1
DA:704,1
DA:705,1
DA:706,1
DA:707,0
DA:708,1
DA:709,1
DA:710,1
DA:711,1
DA:712,1
DA:713,1
DA:714,1
DA:715,1
DA:716,1
DA:717,1
DA:718,1
DA:719,1
DA:720,0
DA:721,0
DA:722,0
DA:723,0
DA:724,0
DA:725,0
DA:726,0
DA:727,0
DA:728,0
DA:729,0
DA:730,0
DA:731,0
DA:732,0
DA:733,0
DA:734,0
DA:735,0
DA:736,0
DA:737,0
DA:738,0
DA:739,0
DA:740,0
DA:741,0
DA:742,0
DA:743,0
DA:744,0
DA:745,1
DA:746,1
DA:747,1
DA:748,1
DA:749,0
DA:750,0
DA:751,0
DA:752,0
DA:753,0
DA:754,0
DA:755,1
DA:756,0
DA:757,0
DA:758,0
DA:759,1
DA:760,0
DA:761,0
DA:762,0
DA:763,0
DA:764,0
DA:765,0
DA:766,0
DA:767,0
DA:768,0
DA:769,0
DA:770,0
DA:771,0
DA:772,0
DA:773,0
DA:774,0
DA:775,0
DA:776,0
DA:777,0
DA:778,0
DA:779,0
DA:780,0
DA:781,0
DA:782,0
DA:783,0
DA:784,0
DA:785,0
DA:786,0
DA:787,0
DA:788,0
DA:789,0
DA:790,0
DA:791,0
DA:792,0
DA:793,0
DA:794,0
DA:795,0
DA:796,0
DA:797,0
DA:798,1
DA:799,0
DA:800,0
DA:801,0
DA:802,0
DA:803,0
DA:804,0
DA:805,0
DA:806,0
DA:807,0
DA:808,0
DA:809,0
DA:810,0
DA:811,0
DA:812,0
DA:813,0
DA:814,0
DA:815,0
DA:816,0
DA:817,0
DA:818,0
DA:819,0
DA:820,0
DA:821,0
DA:822,0
DA:823,0
DA:824,0
DA:825,1
DA:826,0
DA:827,0
DA:828,0
DA:829,0
DA:830,0
DA:831,0
DA:832,0
DA:833,0
DA:834,0
DA:835,0
DA:836,0
DA:837,0
DA:838,0
DA:839,0
DA:840,0
DA:841,0
DA:842,0
DA:843,0
DA:844,0
DA:845,0
DA:846,0
DA:847,0
DA:848,0
DA:849,0
DA:850,0
DA:851,1
DA:852,1
DA:853,0
DA:854,0
DA:855,0
DA:856,0
DA:857,0
DA:858,0
DA:859,0
DA:860,0
DA:861,0
DA:862,0
DA:863,0
DA:864,0
DA:865,0
DA:866,0
DA:867,0
DA:868,0
DA:869,0
DA:870,0
DA:871,0
DA:872,0
DA:873,0
DA:874,0
DA:875,0
DA:876,0
DA:877,0
DA:878,0
DA:879,0
DA:880,0
DA:881,0
DA:882,0
DA:883,0
DA:884,0
DA:885,0
DA:886,0
DA:887,0
DA:888,1
DA:889,0
DA:890,0
DA:891,0
DA:892,0
DA:893,0
DA:894,0
DA:895,0
DA:896,0
DA:897,0
DA:898,0
DA:899,0
DA:900,0
DA:901,0
DA:902,0
DA:903,0
DA:904,0
DA:905,0
DA:906,0
DA:907,1
DA:908,0
DA:909,0
DA:910,0
DA:911,0
DA:912,0
DA:913,0
DA:914,0
DA:915,0
DA:916,0
DA:917,0
DA:918,0
DA:919,0
DA:920,0
DA:921,0
DA:922,0
DA:923,0
DA:924,0
DA:925,0
DA:926,0
DA:927,0
DA:928,0
DA:929,0
DA:930,0
DA:931,0
DA:932,0
DA:933,0
DA:934,0
DA:935,0
DA:936,0
DA:937,0
DA:938,1
DA:939,0
DA:940,0
DA:941,0
DA:942,0
DA:943,0
DA:944,0
DA:945,0
DA:946,0
DA:947,0
DA:948,1
DA:949,0
DA:950,0
DA:951,0
DA:952,0
DA:953,0
DA:954,0
DA:955,0
DA:956,0
DA:957,0
DA:958,0
DA:959,0
DA:960,0
DA:961,0
DA:962,0
DA:963,0
DA:964,0
DA:965,0
DA:966,0
DA:967,0
DA:968,0
DA:969,0
DA:970,0
DA:971,0
DA:972,0
DA:973,0
DA:974,0
DA:975,0
DA:976,1
DA:977,0
DA:978,0
DA:979,0
DA:980,0
DA:981,0
DA:982,0
DA:983,0
DA:984,0
DA:985,0
DA:986,0
DA:987,0
DA:988,0
DA:989,0
DA:990,0
DA:991,0
DA:992,0
DA:993,0
DA:994,0
DA:995,0
DA:996,0
DA:997,1
DA:998,0
DA:999,0
DA:1000,0
DA:1001,0
DA:1002,0
DA:1003,0
DA:1004,0
DA:1005,0
DA:1006,0
DA:1007,0
DA:1008,0
DA:1009,0
DA:1010,0
DA:1011,0
DA:1012,0
DA:1013,0
DA:1014,0
DA:1015,0
DA:1016,0
DA:1017,0
DA:1018,0
DA:1019,0
DA:1020,0
DA:1021,1
DA:1022,1
DA:1023,1
DA:1024,1
DA:1025,1
DA:1026,1
DA:1027,1
DA:1028,1
DA:1029,1
DA:1030,1
DA:1031,1
DA:1032,0
DA:1033,0
DA:1034,0
DA:1035,0
DA:1036,0
DA:1037,0
DA:1038,0
DA:1039,0
DA:1040,0
DA:1041,0
DA:1042,0
DA:1043,0
DA:1044,1
DA:1045,1
DA:1046,1
DA:1047,0
DA:1048,0
DA:1049,0
DA:1050,0
DA:1051,0
DA:1052,0
DA:1053,0
DA:1054,0
DA:1055,0
DA:1056,0
DA:1057,0
DA:1058,0
DA:1059,0
DA:1060,0
DA:1061,0
DA:1062,0
DA:1063,0
DA:1064,0
DA:1065,0
DA:1066,0
DA:1067,0
DA:1068,0
DA:1069,0
DA:1070,0
DA:1071,0
DA:1072,0
DA:1073,0
DA:1074,0
DA:1075,0
DA:1076,0
DA:1077,0
DA:1078,0
DA:1079,0
DA:1080,0
DA:1081,0
DA:1082,0
DA:1083,0
DA:1084,0
DA:1085,0
DA:1086,0
DA:1087,0
DA:1088,0
DA:1089,0
DA:1090,0
DA:1091,0
DA:1092,0
DA:1093,0
DA:1094,0
DA:1095,0
DA:1096,0
DA:1097,0
DA:1098,0
DA:1099,0
DA:1100,0
DA:1101,0
DA:1102,0
DA:1103,0
DA:1104,0
DA:1105,0
DA:1106,0
DA:1107,0
DA:1108,0
DA:1109,0
DA:1110,0
DA:1111,0
DA:1112,0
DA:1113,0
DA:1114,0
DA:1115,0
DA:1116,0
DA:1117,0
DA:1118,0
DA:1119,0
DA:1120,0
DA:1121,0
DA:1122,0
DA:1123,0
DA:1124,0
DA:1125,0
DA:1126,0
DA:1127,0
DA:1128,0
DA:1129,0
DA:1130,0
DA:1131,0
DA:1132,0
DA:1133,0
DA:1134,0
DA:1135,0
DA:1136,0
DA:1137,0
DA:1138,0
DA:1139,0
DA:1140,0
DA:1141,0
DA:1142,0
DA:1143,0
DA:1144,0
DA:1145,0
DA:1146,0
DA:1147,0
DA:1148,0
DA:1149,0
DA:1150,0
DA:1151,0
DA:1152,0
DA:1153,0
DA:1154,0
DA:1155,0
DA:1156,0
DA:1157,1
DA:1158,1
DA:1159,0
DA:1160,0
DA:1161,0
DA:1162,0
DA:1163,0
DA:1164,0
DA:1165,0
DA:1166,0
DA:1167,0
DA:1168,0
DA:1169,0
DA:1170,0
DA:1171,0
DA:1172,0
DA:1173,0
DA:1174,0
DA:1175,0
DA:1176,0
DA:1177,0
DA:1178,0
DA:1179,0
DA:1180,0
DA:1181,0
DA:1182,0
DA:1183,0
DA:1184,0
DA:1185,0
DA:1186,0
DA:1187,0
DA:1188,0
DA:1189,0
DA:1190,0
DA:1191,1
DA:1192,0
DA:1193,1
DA:1194,0
DA:1195,1
DA:1196,1
DA:1197,1
DA:1198,1
DA:1199,1
DA:1200,1
DA:1201,1
DA:1202,1
DA:1203,1
DA:1204,1
DA:1205,1
DA:1206,1
DA:1207,1
DA:1208,1
DA:1209,1
DA:1210,1
DA:1211,1
DA:1212,0
DA:1213,0
DA:1214,1
DA:1215,0
DA:1216,0
DA:1217,0
DA:1218,0
DA:1219,0
DA:1220,0
DA:1221,0
DA:1222,0
DA:1223,0
DA:1224,0
DA:1225,0
DA:1226,0
DA:1227,0
DA:1228,0
DA:1229,0
DA:1230,0
DA:1231,0
DA:1232,0
DA:1233,0
DA:1234,0
DA:1235,1
DA:1236,0
DA:1237,0
DA:1238,0
DA:1239,0
DA:1240,0
DA:1241,0
DA:1242,1
DA:1243,1
DA:1244,1
DA:1245,1
DA:1246,1
DA:1247,1
DA:1248,1
DA:1249,1
DA:1250,1
DA:1251,1
DA:1252,1
DA:1253,1
DA:1254,1
DA:1255,1
DA:1256,1
DA:1257,1
DA:1258,1
DA:1259,1
DA:1260,1
DA:1261,1
DA:1262,1
DA:1263,1
DA:1264,0
DA:1265,0
DA:1266,0
DA:1267,0
DA:1268,0
DA:1269,0
DA:1270,0
DA:1271,0
DA:1272,0
DA:1273,0
DA:1274,0
DA:1275,0
DA:1276,0
DA:1277,0
DA:1278,0
DA:1279,0
DA:1280,0
DA:1281,0
DA:1282,1
DA:1283,0
DA:1284,0
DA:1285,0
DA:1286,1
DA:1287,0
DA:1288,0
DA:1289,0
DA:1290,1
DA:1291,0
DA:1292,0
DA:1293,0
DA:1294,1
DA:1295,0
DA:1296,0
DA:1297,0
DA:1298,0
DA:1299,0
DA:1300,0
DA:1301,0
DA:1302,1
DA:1303,0
DA:1304,0
DA:1305,0
DA:1306,1
DA:1307,1
DA:1308,1
DA:1309,1
DA:1310,1
DA:1311,0
DA:1312,0
DA:1313,0
DA:1314,0
DA:1315,0
DA:1316,0
DA:1317,0
DA:1318,0
DA:1319,0
DA:1320,0
DA:1321,0
DA:1322,0
DA:1323,0
DA:1324,0
DA:1325,0
DA:1326,0
DA:1327,0
DA:1328,0
DA:1329,0
DA:1330,0
DA:1331,0
DA:1332,0
DA:1333,0
DA:1334,0
DA:1335,0
DA:1336,0
DA:1337,0
DA:1338,0
DA:1339,0
DA:1340,0
DA:1341,0
DA:1342,0
DA:1343,0
DA:1344,0
DA:1345,0
DA:1346,0
DA:1347,0
DA:1348,0
DA:1349,0
DA:1350,0
DA:1351,0
DA:1352,0
DA:1353,0
DA:1354,0
DA:1355,0
DA:1356,0
DA:1357,0
DA:1358,0
DA:1359,0
DA:1360,0
DA:1361,0
DA:1362,0
DA:1363,0
DA:1364,0
DA:1365,0
DA:1366,0
DA:1367,0
DA:1368,0
DA:1369,0
DA:1370,0
DA:1371,0
DA:1372,0
DA:1373,0
DA:1374,0
DA:1375,0
DA:1376,0
DA:1377,0
DA:1378,0
DA:1379,0
DA:1380,0
DA:1381,0
DA:1382,0
DA:1383,0
DA:1384,0
DA:1385,0
DA:1386,0
DA:1387,0
DA:1388,0
DA:1389,0
DA:1390,0
DA:1391,0
DA:1392,0
DA:1393,0
DA:1394,0
DA:1395,0
DA:1396,0
DA:1397,0
DA:1398,0
DA:1399,0
DA:1400,0
DA:1401,0
DA:1402,0
DA:1403,0
DA:1404,0
DA:1405,0
DA:1406,0
DA:1407,0
DA:1408,0
DA:1409,0
DA:1410,0
DA:1411,0
DA:1412,0
DA:1413,0
DA:1414,0
DA:1415,0
DA:1416,0
DA:1417,0
DA:1418,0
DA:1419,0
DA:1420,0
DA:1421,0
DA:1422,0
DA:1423,0
DA:1424,0
DA:1425,0
DA:1426,0
DA:1427,0
DA:1428,0
DA:1429,0
DA:1430,0
DA:1431,0
DA:1432,0
DA:1433,0
DA:1434,0
DA:1435,0
DA:1436,0
DA:1437,0
DA:1438,0
DA:1439,0
DA:1440,1
DA:1441,1
DA:1442,1
DA:1443,1
DA:1444,1
DA:1445,1
DA:1446,1
DA:1447,0
DA:1448,0
DA:1449,0
DA:1450,0
DA:1451,0
DA:1452,0
DA:1453,0
DA:1454,0
DA:1455,0
DA:1456,0
DA:1457,0
DA:1458,0
DA:1459,0
DA:1460,0
DA:1461,0
DA:1462,0
DA:1463,0
DA:1464,0
DA:1465,0
DA:1466,0
DA:1467,0
DA:1468,0
DA:1469,0
DA:1470,0
DA:1471,0
DA:1472,0
DA:1473,0
DA:1474,0
DA:1475,0
DA:1476,0
DA:1477,0
DA:1478,0
DA:1479,0
DA:1480,0
DA:1481,0
DA:1482,0
DA:1483,0
DA:1484,0
DA:1485,0
DA:1486,0
DA:1487,0
DA:1488,0
DA:1489,0
DA:1490,0
DA:1491,0
DA:1492,0
DA:1493,0
DA:1494,0
DA:1495,0
DA:1496,0
DA:1497,0
DA:1498,0
DA:1499,0
DA:1500,0
DA:1501,0
DA:1502,0
DA:1503,0
DA:1504,0
DA:1505,0
DA:1506,0
DA:1507,0
DA:1508,0
DA:1509,0
DA:1510,0
DA:1511,0
DA:1512,1
DA:1513,0
DA:1514,0
DA:1515,0
DA:1516,0
DA:1517,0
DA:1518,0
DA:1519,0
DA:1520,0
DA:1521,0
DA:1522,0
DA:1523,0
DA:1524,0
DA:1525,0
DA:1526,0
DA:1527,1
DA:1528,0
DA:1529,0
DA:1530,0
DA:1531,0
DA:1532,0
DA:1533,0
DA:1534,0
DA:1535,0
DA:1536,0
DA:1537,0
DA:1538,0
DA:1539,0
DA:1540,0
DA:1541,0
DA:1542,0
DA:1543,0
DA:1544,0
DA:1545,0
DA:1546,0
DA:1547,1
DA:1548,0
DA:1549,0
DA:1550,0
DA:1551,0
DA:1552,0
DA:1553,0
DA:1554,0
DA:1555,0
DA:1556,0
DA:1557,0
DA:1558,0
DA:1559,0
DA:1560,0
DA:1561,0
DA:1562,0
DA:1563,1
DA:1564,0
DA:1565,0
DA:1566,0
DA:1567,0
DA:1568,0
DA:1569,0
DA:1570,0
DA:1571,0
DA:1572,0
DA:1573,1
DA:1574,0
DA:1575,0
DA:1576,0
DA:1577,0
DA:1578,0
DA:1579,0
DA:1580,0
DA:1581,0
DA:1582,0
DA:1583,0
DA:1584,0
DA:1585,0
DA:1586,0
DA:1587,1
DA:1588,1
DA:1589,1
DA:1590,1
DA:1591,1
DA:1592,1
DA:1593,1
DA:1594,1
DA:1595,1
DA:1596,0
DA:1597,0
DA:1598,0
DA:1599,0
DA:1600,0
DA:1601,0
DA:1602,1
DA:1603,0
DA:1604,0
DA:1605,0
DA:1606,0
DA:1607,0
DA:1608,0
DA:1609,0
DA:1610,0
DA:1611,0
DA:1612,1
DA:1613,0
DA:1614,0
DA:1615,0
DA:1616,0
DA:1617,0
DA:1618,0
DA:1619,0
DA:1620,0
DA:1621,0
DA:1622,0
DA:1623,0
DA:1624,1
DA:1625,0
DA:1626,0
DA:1627,0
DA:1628,0
DA:1629,0
DA:1630,0
DA:1631,1
DA:1632,0
DA:1633,0
DA:1634,0
DA:1635,0
DA:1636,0
DA:1637,0
DA:1638,0
DA:1639,0
DA:1640,0
DA:1641,0
DA:1642,0
DA:1643,1
DA:1644,1
DA:1645,1
DA:1646,1
DA:1647,0
DA:1648,0
DA:1649,1
DA:1650,0
DA:1651,0
DA:1652,0
DA:1653,1
DA:1654,0
DA:1655,0
DA:1656,0
DA:1657,0
DA:1658,1
DA:1659,0
DA:1660,0
DA:1661,0
DA:1662,0
DA:1663,1
DA:1664,1
DA:1665,1
DA:1666,1
DA:1667,1
DA:1668,1
DA:1669,1
DA:1670,1
DA:1671,1
DA:1672,1
DA:1673,1
DA:1674,1
DA:1675,1
DA:1676,1
DA:1677,1
DA:1678,1
DA:1679,1
DA:1680,1
DA:1681,1
DA:1682,1
DA:1683,1
DA:1684,1
DA:1685,1
DA:1686,1
DA:1687,1
DA:1688,1
DA:1689,1
DA:1690,1
DA:1691,1
DA:1692,1
DA:1693,1
DA:1694,1
DA:1695,1
DA:1696,1
DA:1697,1
DA:1698,1
DA:1699,1
DA:1700,1
DA:1701,1
DA:1702,1
DA:1703,1
DA:1704,1
DA:1705,1
DA:1706,1
DA:1707,1
DA:1708,1
DA:1709,1
DA:1710,1
DA:1711,1
DA:1712,1
DA:1713,1
DA:1714,1
DA:1715,1
DA:1716,1
DA:1717,1
DA:1718,1
DA:1719,1
DA:1720,1
DA:1721,1
DA:1722,1
DA:1723,1
DA:1724,1
DA:1725,1
DA:1726,1
DA:1727,1
DA:1728,1
DA:1729,1
DA:1730,1
DA:1731,1
DA:1732,1
DA:1733,1
DA:1734,1
DA:1735,1
DA:1736,1
DA:1737,1
DA:1738,1
DA:1739,1
DA:1740,1
DA:1741,1
DA:1742,1
DA:1743,1
DA:1744,1
DA:1745,0
DA:1746,0
DA:1747,0
DA:1748,1
DA:1749,1
DA:1750,1
DA:1751,1
DA:1752,1
DA:1753,1
DA:1754,1
DA:1755,1
DA:1756,1
DA:1757,0
DA:1758,0
DA:1759,0
DA:1760,0
DA:1761,1
DA:1762,0
DA:1763,0
DA:1764,1
DA:1765,0
DA:1766,0
DA:1767,0
DA:1768,0
DA:1769,1
DA:1770,0
DA:1771,0
DA:1772,0
DA:1773,0
DA:1774,1
DA:1775,1
DA:1776,1
DA:1777,1
DA:1778,1
DA:1779,1
DA:1780,1
DA:1781,1
DA:1782,1
DA:1783,1
DA:1784,1
DA:1785,1
DA:1786,1
DA:1787,1
DA:1788,1
DA:1789,0
DA:1790,0
DA:1791,0
DA:1792,0
DA:1793,0
DA:1794,0
DA:1795,0
DA:1796,0
DA:1797,0
DA:1798,0
DA:1799,0
DA:1800,0
DA:1801,1
DA:1802,1
DA:1803,1
DA:1804,1
DA:1805,1
DA:1806,0
DA:1807,0
DA:1808,0
DA:1809,0
DA:1810,1
DA:1811,0
DA:1812,0
DA:1813,1
DA:1814,0
DA:1815,0
DA:1816,0
DA:1817,0
DA:1818,1
DA:1819,0
DA:1820,0
DA:1821,0
DA:1822,0
DA:1823,1
DA:1824,1
DA:1825,1
DA:1826,1
DA:1827,1
DA:1828,1
DA:1829,1
DA:1830,1
DA:1831,1
DA:1832,1
DA:1833,1
DA:1834,1
DA:1835,1
DA:1836,1
DA:1837,1
DA:1838,1
DA:1839,1
DA:1840,1
DA:1841,1
DA:1842,1
DA:1843,1
DA:1844,1
DA:1845,1
DA:1846,0
DA:1847,0
DA:1848,0
DA:1849,0
DA:1850,0
DA:1851,1
DA:1852,1
DA:1853,1
DA:1854,1
DA:1855,1
DA:1856,1
DA:1857,1
DA:1858,1
DA:1859,0
DA:1860,0
DA:1861,0
DA:1862,0
DA:1863,1
DA:1864,0
DA:1865,0
DA:1866,1
DA:1867,0
DA:1868,0
DA:1869,0
DA:1870,0
DA:1871,1
DA:1872,0
DA:1873,0
DA:1874,0
DA:1875,0
DA:1876,1
DA:1877,1
DA:1878,1
DA:1879,1
DA:1880,1
DA:1881,1
DA:1882,1
DA:1883,1
DA:1884,1
DA:1885,1
DA:1886,1
DA:1887,1
DA:1888,1
DA:1889,1
DA:1890,1
DA:1891,1
DA:1892,1
DA:1893,1
DA:1894,1
DA:1895,1
DA:1896,1
DA:1897,1
DA:1898,1
DA:1899,1
DA:1900,1
DA:1901,1
DA:1902,1
DA:1903,0
DA:1904,0
DA:1905,0
DA:1906,0
DA:1907,1
DA:1908,1
DA:1909,1
DA:1910,0
DA:1911,0
DA:1912,0
DA:1913,1
DA:1914,1
DA:1915,0
DA:1916,0
DA:1917,0
DA:1918,1
DA:1919,0
DA:1920,0
DA:1921,0
DA:1922,0
DA:1923,0
DA:1924,0
DA:1925,0
DA:1926,0
DA:1927,0
DA:1928,0
DA:1929,0
DA:1930,0
DA:1931,0
DA:1932,0
DA:1933,0
DA:1934,0
DA:1935,0
DA:1936,0
DA:1937,0
DA:1938,0
DA:1939,0
DA:1940,0
DA:1941,0
DA:1942,1
DA:1943,1
DA:1944,1
DA:1945,1
DA:1946,1
DA:1947,0
DA:1948,0
DA:1949,0
DA:1950,0
DA:1951,0
DA:1952,0
DA:1953,0
DA:1954,0
DA:1955,0
DA:1956,0
DA:1957,0
DA:1958,0
DA:1959,0
DA:1960,0
DA:1961,0
DA:1962,0
DA:1963,0
DA:1964,0
DA:1965,0
DA:1966,0
DA:1967,0
DA:1968,0
DA:1969,0
DA:1970,0
DA:1971,0
DA:1972,0
DA:1973,0
DA:1974,0
DA:1975,0
DA:1976,0
DA:1977,0
DA:1978,0
DA:1979,0
DA:1980,0
DA:1981,0
DA:1982,0
DA:1983,0
DA:1984,0
DA:1985,0
DA:1986,0
DA:1987,0
DA:1988,0
DA:1989,0
DA:1990,1
DA:1991,1
DA:1992,1
DA:1993,0
DA:1994,0
DA:1995,0
DA:1996,1
DA:1997,0
DA:1998,0
DA:1999,0
DA:2000,0
DA:2001,1
DA:2002,0
DA:2003,0
DA:2004,0
DA:2005,1
DA:2006,1
DA:2007,1
DA:2008,0
DA:2009,0
DA:2010,0
DA:2011,0
DA:2012,0
DA:2013,0
DA:2014,0
DA:2015,0
DA:2016,0
DA:2017,0
DA:2018,0
DA:2019,0
DA:2020,0
DA:2021,0
DA:2022,1
DA:2023,0
DA:2024,0
DA:2025,0
DA:2026,0
DA:2027,0
DA:2028,0
DA:2029,0
DA:2030,0
DA:2031,0
DA:2032,0
DA:2033,0
DA:2034,0
DA:2035,0
DA:2036,0
DA:2037,1
DA:2038,1
DA:2039,1
DA:2040,0
DA:2041,0
DA:2042,0
DA:2043,1
DA:2044,0
DA:2045,0
DA:2046,0
DA:2047,1
DA:2048,0
DA:2049,0
DA:2050,0
DA:2051,1
DA:2052,0
DA:2053,0
DA:2054,0
DA:2055,1
DA:2056,0
DA:2057,0
DA:2058,0
DA:2059,0
DA:2060,0
DA:2061,1
DA:2062,1
DA:2063,1
DA:2064,0
DA:2065,0
DA:2066,0
DA:2067,1
DA:2068,1
DA:2069,0
DA:2070,0
DA:2071,0
DA:2072,0
DA:2073,0
DA:2074,0
DA:2075,1
DA:2076,1
DA:2077,0
DA:2078,0
DA:2079,0
DA:2080,0
DA:2081,0
DA:2082,0
DA:2083,0
DA:2084,0
DA:2085,0
DA:2086,0
DA:2087,0
DA:2088,0
DA:2089,0
DA:2090,0
DA:2091,0
DA:2092,0
DA:2093,1
DA:2094,1
DA:2095,0
DA:2096,0
DA:2097,0
DA:2098,0
DA:2099,0
DA:2100,0
DA:2101,1
DA:2102,0
DA:2103,0
DA:2104,0
DA:2105,1
DA:2106,1
DA:2107,1
DA:2108,1
DA:2109,1
DA:2110,1
DA:2111,1
DA:2112,1
DA:2113,1
DA:2114,1
DA:2115,1
DA:2116,1
DA:2117,1
DA:2118,1
DA:2119,0
DA:2120,0
DA:2121,1
DA:2122,0
DA:2123,0
DA:2124,0
DA:2125,0
DA:2126,0
DA:2127,1
DA:2128,0
DA:2129,0
DA:2130,0
DA:2131,0
DA:2132,1
DA:2133,0
DA:2134,0
DA:2135,0
DA:2136,0
DA:2137,1
DA:2138,1
DA:2139,1
DA:2140,1
DA:2141,1
DA:2142,1
DA:2143,1
DA:2144,1
DA:2145,1
DA:2146,1
DA:2147,1
DA:2148,1
DA:2149,1
DA:2150,1
DA:2151,1
DA:2152,1
DA:2153,1
DA:2154,1
DA:2155,1
DA:2156,1
DA:2157,1
DA:2158,1
DA:2159,0
DA:2160,0
DA:2161,0
DA:2162,1
DA:2163,1
DA:2164,1
DA:2165,1
DA:2166,1
DA:2167,1
DA:2168,1
DA:2169,0
DA:2170,0
DA:2171,0
DA:2172,1
DA:2173,1
DA:2174,1
DA:2175,1
DA:2176,0
DA:2177,0
DA:2178,0
DA:2179,0
DA:2180,0
DA:2181,0
DA:2182,0
DA:2183,0
DA:2184,0
DA:2185,0
DA:2186,0
DA:2187,0
DA:2188,0
DA:2189,0
DA:2190,1
DA:2191,0
DA:2192,1
DA:2193,1
DA:2194,0
DA:2195,0
DA:2196,0
DA:2197,0
DA:2198,0
DA:2199,0
DA:2200,1
DA:2201,1
DA:2202,1
DA:2203,0
DA:2204,0
DA:2205,0
DA:2206,0
DA:2207,0
DA:2208,1
DA:2209,1
DA:2210,1
DA:2211,1
DA:2212,1
DA:2213,0
DA:2214,0
DA:2215,0
DA:2216,0
DA:2217,1
DA:2218,0
DA:2219,0
DA:2220,1
DA:2221,0
DA:2222,0
DA:2223,0
DA:2224,0
DA:2225,1
DA:2226,0
DA:2227,0
DA:2228,0
DA:2229,0
DA:2230,1
DA:2231,1
DA:2232,1
DA:2233,1
DA:2234,1
DA:2235,1
DA:2236,1
DA:2237,1
DA:2238,1
DA:2239,1
DA:2240,1
DA:2241,1
DA:2242,1
DA:2243,1
DA:2244,1
DA:2245,1
DA:2246,1
DA:2247,1
DA:2248,1
DA:2249,1
DA:2250,1
DA:2251,1
DA:2252,1
DA:2253,1
DA:2254,1
DA:2255,1
DA:2256,1
DA:2257,1
DA:2258,1
DA:2259,0
DA:2260,0
DA:2261,0
DA:2262,0
DA:2263,0
DA:2264,0
DA:2265,0
DA:2266,1
DA:2267,1
DA:2268,0
DA:2269,0
DA:2270,0
DA:2271,0
DA:2272,0
DA:2273,0
DA:2274,1
DA:2275,0
DA:2276,0
DA:2277,0
DA:2278,0
DA:2279,0
DA:2280,0
DA:2281,0
DA:2282,0
DA:2283,0
DA:2284,0
DA:2285,0
DA:2286,0
DA:2287,0
DA:2288,1
DA:2289,0
DA:2290,0
DA:2291,0
DA:2292,0
DA:2293,0
DA:2294,0
DA:2295,0
DA:2296,0
DA:2297,0
DA:2298,0
DA:2299,0
DA:2300,0
DA:2301,0
DA:2302,0
DA:2303,1
DA:2304,0
DA:2305,0
DA:2306,0
DA:2307,0
DA:2308,1
DA:2309,0
DA:2310,0
DA:2311,0
DA:2312,1
DA:2313,0
DA:2314,0
DA:2315,0
DA:2316,1
DA:2317,0
DA:2318,0
DA:2319,0
DA:2320,1
DA:2321,0
DA:2322,0
DA:2323,0
DA:2324,0
DA:2325,0
DA:2326,0
DA:2327,0
DA:2328,1
DA:2329,0
DA:2330,0
DA:2331,0
DA:2332,1
DA:2333,0
DA:2334,0
DA:2335,0
DA:2336,1
DA:2337,0
DA:2338,0
DA:2339,0
DA:2340,1
DA:2341,0
DA:2342,0
DA:2343,0
DA:2344,1
DA:2345,0
DA:2346,0
DA:2347,0
DA:2348,1
DA:2349,0
DA:2350,0
DA:2351,0
DA:2352,1
DA:2353,0
DA:2354,0
DA:2355,0
DA:2356,0
DA:2357,1
DA:2358,0
DA:2359,0
DA:2360,0
DA:2361,1
DA:2362,0
DA:2363,0
DA:2364,0
DA:2365,0
DA:2366,0
DA:2367,0
DA:2368,0
DA:2369,0
DA:2370,0
DA:2371,0
DA:2372,1
DA:2373,0
DA:2374,0
DA:2375,0
DA:2376,1
DA:2377,0
DA:2378,0
DA:2379,0
DA:2380,0
DA:2381,0
DA:2382,0
DA:2383,0
DA:2384,0
DA:2385,0
DA:2386,0
DA:2387,0
DA:2388,1
DA:2389,0
DA:2390,0
DA:2391,0
DA:2392,0
DA:2393,1
DA:2394,0
DA:2395,0
DA:2396,0
DA:2397,0
DA:2398,0
DA:2399,0
DA:2400,0
DA:2401,0
DA:2402,0
DA:2403,0
DA:2404,0
DA:2405,0
DA:2406,0
DA:2407,0
DA:2408,0
DA:2409,0
DA:2410,0
DA:2411,0
DA:2412,0
DA:2413,0
DA:2414,0
DA:2415,0
DA:2416,0
DA:2417,0
DA:2418,0
DA:2419,0
DA:2420,0
DA:2421,0
DA:2422,0
DA:2423,0
DA:2424,0
DA:2425,0
DA:2426,1
DA:2427,1
DA:2428,1
DA:2429,1
DA:2430,0
DA:2431,0
DA:2432,0
DA:2433,0
DA:2434,0
DA:2435,0
DA:2436,0
DA:2437,0
DA:2438,0
DA:2439,0
DA:2440,0
DA:2441,0
DA:2442,0
DA:2443,0
DA:2444,0
DA:2445,1
DA:2446,1
DA:2447,1
DA:2448,1
DA:2449,1
DA:2450,1
DA:2451,0
DA:2452,0
DA:2453,1
DA:2454,0
DA:2455,0
DA:2456,0
DA:2457,0
DA:2458,0
DA:2459,0
DA:2460,1
DA:2461,0
DA:2462,0
DA:2463,0
DA:2464,0
DA:2465,1
DA:2466,0
DA:2467,0
DA:2468,0
DA:2469,0
DA:2470,1
DA:2471,1
DA:2472,1
DA:2473,1
DA:2474,1
DA:2475,1
DA:2476,1
DA:2477,1
DA:2478,1
DA:2479,1
DA:2480,1
DA:2481,1
DA:2482,1
DA:2483,1
DA:2484,1
DA:2485,1
DA:2486,1
DA:2487,1
DA:2488,1
DA:2489,1
DA:2490,1
DA:2491,1
DA:2492,1
DA:2493,1
DA:2494,1
DA:2495,1
DA:2496,1
DA:2497,1
DA:2498,1
DA:2499,1
DA:2500,0
DA:2501,0
DA:2502,0
DA:2503,0
DA:2504,0
DA:2505,0
DA:2506,0
DA:2507,0
DA:2508,0
DA:2509,0
DA:2510,0
DA:2511,0
DA:2512,0
DA:2513,0
DA:2514,0
DA:2515,0
DA:2516,0
DA:2517,0
DA:2518,0
DA:2519,0
DA:2520,0
DA:2521,0
DA:2522,0
DA:2523,1
DA:2524,0
DA:2525,0
DA:2526,0
DA:2527,0
DA:2528,0
DA:2529,0
DA:2530,0
DA:2531,0
DA:2532,0
DA:2533,0
DA:2534,0
DA:2535,1
DA:2536,0
DA:2537,0
DA:2538,0
DA:2539,0
DA:2540,0
DA:2541,0
DA:2542,0
DA:2543,0
DA:2544,1
DA:2545,0
DA:2546,0
DA:2547,0
DA:2548,0
DA:2549,0
DA:2550,0
DA:2551,1
DA:2552,1
DA:2553,0
DA:2554,0
DA:2555,0
DA:2556,0
DA:2557,0
DA:2558,0
DA:2559,0
DA:2560,0
DA:2561,0
DA:2562,0
DA:2563,0
DA:2564,0
DA:2565,0
DA:2566,0
DA:2567,1
DA:2568,1
DA:2569,1
DA:2570,1
DA:2571,1
DA:2572,0
DA:2573,0
DA:2574,0
DA:2575,0
DA:2576,0
DA:2577,0
DA:2578,0
DA:2579,0
DA:2580,0
DA:2581,0
DA:2582,0
DA:2583,0
DA:2584,0
DA:2585,0
DA:2586,0
DA:2587,0
DA:2588,0
DA:2589,0
DA:2590,0
DA:2591,0
DA:2592,0
DA:2593,0
DA:2594,0
DA:2595,0
DA:2596,0
DA:2597,0
DA:2598,0
DA:2599,0
DA:2600,0
DA:2601,0
DA:2602,0
DA:2603,0
DA:2604,1
DA:2605,0
DA:2606,0
DA:2607,0
DA:2608,0
DA:2609,0
DA:2610,0
DA:2611,0
DA:2612,0
DA:2613,0
DA:2614,0
DA:2615,0
DA:2616,0
DA:2617,0
DA:2618,0
DA:2619,0
DA:2620,0
DA:2621,0
DA:2622,0
DA:2623,0
DA:2624,0
DA:2625,0
DA:2626,0
DA:2627,0
DA:2628,0
DA:2629,0
DA:2630,0
DA:2631,0
DA:2632,0
DA:2633,1
DA:2634,0
DA:2635,0
DA:2636,0
DA:2637,0
DA:2638,0
DA:2639,0
DA:2640,0
DA:2641,0
DA:2642,0
DA:2643,0
DA:2644,0
DA:2645,0
DA:2646,0
DA:2647,0
DA:2648,0
DA:2649,0
DA:2650,0
DA:2651,0
DA:2652,0
DA:2653,0
DA:2654,0
DA:2655,0
DA:2656,0
DA:2657,0
DA:2658,0
DA:2659,0
DA:2660,0
DA:2661,0
DA:2662,0
DA:2663,0
DA:2664,0
DA:2665,0
DA:2666,0
DA:2667,0
DA:2668,0
DA:2669,0
DA:2670,0
DA:2671,0
DA:2672,0
DA:2673,0
DA:2674,0
DA:2675,0
DA:2676,0
DA:2677,0
DA:2678,1
DA:2679,0
DA:2680,0
DA:2681,0
DA:2682,0
DA:2683,1
DA:2684,0
DA:2685,0
DA:2686,0
DA:2687,0
DA:2688,0
DA:2689,0
DA:2690,0
DA:2691,0
DA:2692,0
DA:2693,1
DA:2694,0
DA:2695,0
DA:2696,0
DA:2697,0
DA:2698,0
DA:2699,0
DA:2700,0
DA:2701,0
DA:2702,0
DA:2703,0
DA:2704,1
DA:2705,0
DA:2706,0
DA:2707,0
DA:2708,0
DA:2709,0
DA:2710,0
DA:2711,0
DA:2712,0
DA:2713,0
DA:2714,0
DA:2715,0
DA:2716,1
DA:2717,0
DA:2718,0
DA:2719,0
DA:2720,0
DA:2721,0
DA:2722,0
DA:2723,0
DA:2724,1
DA:2725,0
DA:2726,0
DA:2727,0
DA:2728,0
DA:2729,0
DA:2730,0
DA:2731,0
DA:2732,0
DA:2733,0
DA:2734,0
DA:2735,0
DA:2736,0
DA:2737,0
DA:2738,0
DA:2739,0
DA:2740,0
DA:2741,0
DA:2742,0
DA:2743,0
DA:2744,0
DA:2745,0
DA:2746,0
DA:2747,0
DA:2748,0
DA:2749,0
DA:2750,0
DA:2751,0
DA:2752,0
DA:2753,0
DA:2754,0
DA:2755,0
DA:2756,0
DA:2757,0
DA:2758,0
DA:2759,0
DA:2760,0
DA:2761,0
DA:2762,1
DA:2763,0
DA:2764,0
DA:2765,0
DA:2766,0
DA:2767,0
DA:2768,0
DA:2769,0
DA:2770,0
DA:2771,1
DA:2772,0
DA:2773,0
DA:2774,0
DA:2775,0
DA:2776,0
DA:2777,0
DA:2778,0
DA:2779,0
DA:2780,0
DA:2781,0
DA:2782,0
DA:2783,0
DA:2784,0
DA:2785,0
DA:2786,0
DA:2787,0
DA:2788,0
DA:2789,1
DA:2790,1
DA:2791,1
DA:2792,0
DA:2793,0
DA:2794,0
DA:2795,0
DA:2796,0
DA:2797,0
DA:2798,0
DA:2799,0
DA:2800,0
DA:2801,0
DA:2802,0
DA:2803,0
DA:2804,0
DA:2805,0
DA:2806,0
DA:2807,0
DA:2808,0
DA:2809,0
DA:2810,0
DA:2811,0
DA:2812,0
DA:2813,0
DA:2814,0
DA:2815,0
DA:2816,0
DA:2817,1
DA:2818,1
DA:2819,1
DA:2820,1
DA:2821,1
DA:2822,1
DA:2823,1
DA:2824,1
DA:2825,1
DA:2826,1
DA:2827,0
DA:2828,0
DA:2829,0
DA:2830,0
DA:2831,0
DA:2832,0
DA:2833,1
DA:2834,1
DA:2835,1
DA:2836,1
DA:2837,1
DA:2838,1
DA:2839,0
DA:2840,0
DA:2841,0
DA:2842,1
DA:2843,0
DA:2844,0
DA:2845,0
DA:2846,1
DA:2847,0
DA:2848,0
DA:2849,0
DA:2850,1
DA:2851,1
DA:2852,0
DA:2853,0
DA:2854,0
DA:2855,0
DA:2856,0
DA:2857,0
DA:2858,0
DA:2859,0
DA:2860,0
DA:2861,0
DA:2862,0
DA:2863,1
DA:2864,1
DA:2865,0
DA:2866,0
DA:2867,0
DA:2868,1
DA:2869,0
DA:2870,0
DA:2871,0
DA:2872,1
DA:2873,0
DA:2874,0
DA:2875,0
DA:2876,0
DA:2877,0
DA:2878,0
DA:2879,0
DA:2880,0
DA:2881,0
DA:2882,0
DA:2883,0
DA:2884,0
DA:2885,0
DA:2886,1
DA:2887,0
DA:2888,0
DA:2889,0
DA:2890,0
DA:2891,0
DA:2892,0
DA:2893,0
DA:2894,0
DA:2895,0
DA:2896,1
DA:2897,0
DA:2898,0
DA:2899,0
DA:2900,0
DA:2901,0
DA:2902,0
DA:2903,0
DA:2904,0
DA:2905,0
DA:2906,1
DA:2907,1
DA:2908,1
DA:2909,1
DA:2910,1
DA:2911,1
DA:2912,1
DA:2913,1
DA:2914,1
DA:2915,1
DA:2916,0
DA:2917,0
DA:2918,1
DA:2919,0
DA:2920,0
DA:2921,0
DA:2922,0
DA:2923,0
DA:2924,0
DA:2925,0
DA:2926,0
DA:2927,1
DA:2928,0
DA:2929,0
DA:2930,0
DA:2931,0
DA:2932,1
DA:2933,0
DA:2934,0
DA:2935,0
DA:2936,0
DA:2937,1
DA:2938,1
DA:2939,1
DA:2940,1
DA:2941,1
DA:2942,1
DA:2943,1
DA:2944,1
DA:2945,1
DA:2946,1
DA:2947,1
DA:2948,1
DA:2949,1
DA:2950,1
DA:2951,1
DA:2952,1
DA:2953,1
DA:2954,1
DA:2955,1
DA:2956,1
DA:2957,1
DA:2958,1
DA:2959,1
DA:2960,1
DA:2961,1
DA:2962,1
DA:2963,1
DA:2964,1
DA:2965,1
DA:2966,0
DA:2967,0
DA:2968,0
DA:2969,1
DA:2970,0
DA:2971,0
DA:2972,0
DA:2973,1
DA:2974,0
DA:2975,0
DA:2976,0
DA:2977,1
DA:2978,1
DA:2979,0
DA:2980,0
DA:2981,0
DA:2982,0
DA:2983,0
DA:2984,0
DA:2985,0
DA:2986,0
DA:2987,0
DA:2988,0
DA:2989,0
DA:2990,0
DA:2991,1
DA:2992,0
DA:2993,0
DA:2994,0
DA:2995,0
DA:2996,0
DA:2997,0
DA:2998,0
DA:2999,0
DA:3000,0
DA:3001,0
DA:3002,0
DA:3003,0
DA:3004,0
DA:3005,0
DA:3006,0
DA:3007,0
DA:3008,0
DA:3009,0
DA:3010,0
DA:3011,0
DA:3012,0
DA:3013,0
DA:3014,0
DA:3015,0
DA:3016,0
DA:3017,0
DA:3018,0
DA:3019,0
DA:3020,0
DA:3021,0
DA:3022,0
DA:3023,0
DA:3024,1
DA:3025,1
DA:3026,0
DA:3027,0
DA:3028,0
DA:3029,0
DA:3030,0
DA:3031,0
DA:3032,0
DA:3033,0
DA:3034,0
DA:3035,0
DA:3036,0
DA:3037,0
DA:3038,0
DA:3039,0
DA:3040,0
DA:3041,0
DA:3042,0
DA:3043,0
DA:3044,0
DA:3045,0
DA:3046,0
DA:3047,0
DA:3048,1
DA:3049,0
DA:3050,0
DA:3051,0
DA:3052,0
DA:3053,0
DA:3054,0
DA:3055,0
DA:3056,0
DA:3057,0
DA:3058,0
DA:3059,0
DA:3060,0
DA:3061,0
DA:3062,0
DA:3063,0
DA:3064,0
DA:3065,0
DA:3066,1
DA:3067,1
DA:3068,0
DA:3069,0
DA:3070,0
DA:3071,0
DA:3072,0
DA:3073,0
DA:3074,0
DA:3075,1
DA:3076,0
DA:3077,0
DA:3078,0
DA:3079,0
DA:3080,0
DA:3081,0
DA:3082,0
DA:3083,1
DA:3084,0
DA:3085,0
DA:3086,0
DA:3087,0
DA:3088,0
DA:3089,0
DA:3090,0
DA:3091,0
DA:3092,0
DA:3093,0
DA:3094,0
DA:3095,0
DA:3096,0
DA:3097,1
DA:3098,0
DA:3099,0
DA:3100,0
DA:3101,1
DA:3102,0
DA:3103,0
DA:3104,0
DA:3105,1
DA:3106,0
DA:3107,0
DA:3108,0
DA:3109,1
DA:3110,0
DA:3111,0
DA:3112,0
DA:3113,1
DA:3114,0
DA:3115,0
DA:3116,0
DA:3117,0
DA:3118,0
DA:3119,0
DA:3120,0
DA:3121,1
DA:3122,0
DA:3123,0
DA:3124,0
DA:3125,0
DA:3126,0
DA:3127,0
DA:3128,0
DA:3129,0
DA:3130,0
DA:3131,0
DA:3132,0
DA:3133,0
DA:3134,0
DA:3135,1
DA:3136,0
DA:3137,0
DA:3138,0
DA:3139,0
DA:3140,0
DA:3141,0
DA:3142,0
DA:3143,0
DA:3144,0
DA:3145,0
DA:3146,0
DA:3147,0
DA:3148,0
DA:3149,0
DA:3150,0
DA:3151,0
DA:3152,1
DA:3153,0
DA:3154,0
DA:3155,0
DA:3156,0
DA:3157,0
DA:3158,0
DA:3159,0
DA:3160,0
DA:3161,0
DA:3162,0
DA:3163,0
DA:3164,0
DA:3165,0
DA:3166,1
DA:3167,0
DA:3168,0
DA:3169,0
DA:3170,0
DA:3171,0
DA:3172,0
DA:3173,0
DA:3174,0
DA:3175,0
DA:3176,0
DA:3177,0
DA:3178,0
DA:3179,0
DA:3180,0
DA:3181,0
DA:3182,0
DA:3183,1
DA:3184,0
DA:3185,0
DA:3186,0
DA:3187,0
DA:3188,0
DA:3189,0
DA:3190,0
DA:3191,0
DA:3192,0
DA:3193,1
DA:3194,0
DA:3195,0
DA:3196,0
DA:3197,0
DA:3198,0
DA:3199,0
DA:3200,0
DA:3201,0
DA:3202,0
DA:3203,1
DA:3204,0
DA:3205,0
DA:3206,0
DA:3207,0
DA:3208,0
DA:3209,0
DA:3210,0
DA:3211,0
DA:3212,0
DA:3213,0
DA:3214,0
DA:3215,0
DA:3216,0
DA:3217,1
DA:3218,0
DA:3219,0
DA:3220,0
DA:3221,0
DA:3222,0
DA:3223,0
DA:3224,0
DA:3225,0
DA:3226,0
DA:3227,1
DA:3228,0
DA:3229,0
DA:3230,0
DA:3231,0
DA:3232,0
DA:3233,0
DA:3234,0
DA:3235,0
DA:3236,0
DA:3237,0
DA:3238,0
DA:3239,0
DA:3240,0
DA:3241,1
DA:3242,1
DA:3243,1
DA:3244,1
DA:3245,0
DA:3246,0
DA:3247,0
DA:3248,0
DA:3249,0
DA:3250,0
DA:3251,0
DA:3252,1
DA:3253,0
DA:3254,0
DA:3255,0
DA:3256,0
DA:3257,0
DA:3258,0
DA:3259,0
DA:3260,0
DA:3261,0
DA:3262,1
DA:3263,0
DA:3264,0
DA:3265,0
DA:3266,0
DA:3267,0
DA:3268,1
DA:3269,1
DA:3270,1
DA:3271,0
DA:3272,0
DA:3273,0
DA:3274,0
DA:3275,0
DA:3276,1
DA:3277,1
DA:3278,1
DA:3279,1
DA:3280,1
DA:3281,1
DA:3282,1
DA:3283,1
DA:3284,1
DA:3285,1
DA:3286,1
DA:3287,1
DA:3288,1
DA:3289,1
DA:3290,0
DA:3291,0
DA:3292,1
DA:3293,0
DA:3294,0
DA:3295,0
DA:3296,0
DA:3297,0
DA:3298,1
DA:3299,0
DA:3300,0
DA:3301,0
DA:3302,0
DA:3303,1
DA:3304,0
DA:3305,0
DA:3306,0
DA:3307,0
DA:3308,1
DA:3309,1
DA:3310,1
DA:3311,1
DA:3312,1
DA:3313,1
DA:3314,1
DA:3315,1
DA:3316,1
DA:3317,1
DA:3318,1
DA:3319,1
DA:3320,1
DA:3321,1
DA:3322,0
DA:3323,0
DA:3324,0
DA:3325,0
DA:3326,0
DA:3327,0
DA:3328,0
DA:3329,0
DA:3330,0
DA:3331,0
DA:3332,0
DA:3333,0
DA:3334,0
DA:3335,0
DA:3336,0
DA:3337,0
DA:3338,0
DA:3339,0
DA:3340,0
DA:3341,0
DA:3342,0
DA:3343,0
DA:3344,0
DA:3345,0
DA:3346,0
DA:3347,0
DA:3348,0
DA:3349,0
DA:3350,0
DA:3351,1
DA:3352,1
DA:3353,1
DA:3354,1
DA:3355,1
DA:3356,1
DA:3357,1
DA:3358,1
DA:3359,1
DA:3360,1
DA:3361,1
DA:3362,0
DA:3363,0
DA:3364,0
DA:3365,1
DA:3366,1
DA:3367,1
DA:3368,1
DA:3369,1
DA:3370,0
DA:3371,0
DA:3372,0
DA:3373,0
DA:3374,1
DA:3375,0
DA:3376,0
DA:3377,1
DA:3378,0
DA:3379,0
DA:3380,0
DA:3381,0
DA:3382,1
DA:3383,0
DA:3384,0
DA:3385,0
DA:3386,0
DA:3387,1
DA:3388,1
DA:3389,1
DA:3390,1
DA:3391,1
DA:3392,1
DA:3393,1
DA:3394,1
DA:3395,1
DA:3396,1
DA:3397,1
DA:3398,1
DA:3399,1
DA:3400,1
DA:3401,1
DA:3402,1
DA:3403,1
DA:3404,1
DA:3405,1
DA:3406,1
DA:3407,1
DA:3408,1
DA:3409,1
DA:3410,1
DA:3411,1
DA:3412,1
DA:3413,0
DA:3414,0
DA:3415,0
DA:3416,0
DA:3417,0
DA:3418,0
DA:3419,0
DA:3420,0
DA:3421,0
DA:3422,0
DA:3423,0
DA:3424,0
DA:3425,0
DA:3426,0
DA:3427,0
DA:3428,0
DA:3429,0
DA:3430,0
DA:3431,0
DA:3432,0
DA:3433,0
DA:3434,0
DA:3435,0
DA:3436,0
DA:3437,0
DA:3438,0
DA:3439,0
DA:3440,0
DA:3441,0
DA:3442,0
DA:3443,0
DA:3444,0
DA:3445,0
DA:3446,0
DA:3447,0
DA:3448,0
DA:3449,0
DA:3450,0
DA:3451,0
DA:3452,0
DA:3453,0
DA:3454,0
DA:3455,0
DA:3456,0
DA:3457,0
DA:3458,0
DA:3459,0
DA:3460,0
DA:3461,0
DA:3462,1
DA:3463,1
DA:3464,1
DA:3465,0
DA:3466,0
DA:3467,0
DA:3468,1
DA:3469,0
DA:3470,0
DA:3471,0
DA:3472,0
DA:3473,0
DA:3474,1
DA:3475,0
DA:3476,0
DA:3477,0
DA:3478,0
DA:3479,1
DA:3480,1
DA:3481,1
DA:3482,1
DA:3483,1
DA:3484,0
DA:3485,0
DA:3486,0
DA:3487,0
DA:3488,0
DA:3489,0
DA:3490,0
DA:3491,0
DA:3492,0
DA:3493,0
DA:3494,0
DA:3495,0
DA:3496,0
DA:3497,0
DA:3498,0
DA:3499,0
DA:3500,0
DA:3501,0
DA:3502,0
DA:3503,0
DA:3504,1
DA:3505,0
DA:3506,0
DA:3507,0
DA:3508,0
DA:3509,0
DA:3510,0
DA:3511,0
DA:3512,0
DA:3513,0
DA:3514,0
DA:3515,0
DA:3516,0
DA:3517,0
DA:3518,0
DA:3519,0
DA:3520,0
DA:3521,1
DA:3522,0
DA:3523,0
DA:3524,0
DA:3525,0
DA:3526,0
DA:3527,0
DA:3528,0
DA:3529,1
DA:3530,0
DA:3531,0
DA:3532,0
DA:3533,1
DA:3534,0
DA:3535,0
DA:3536,0
DA:3537,1
DA:3538,0
DA:3539,0
DA:3540,0
DA:3541,1
DA:3542,1
DA:3543,1
DA:3544,0
DA:3545,0
DA:3546,0
DA:3547,0
DA:3548,0
DA:3549,1
DA:3550,1
DA:3551,1
DA:3552,1
DA:3553,1
DA:3554,1
DA:3555,1
DA:3556,1
DA:3557,1
DA:3558,1
DA:3559,1
DA:3560,1
DA:3561,1
DA:3562,1
DA:3563,1
DA:3564,1
DA:3565,1
DA:3566,1
DA:3567,0
DA:3568,0
DA:3569,1
DA:3570,0
DA:3571,0
DA:3572,0
DA:3573,0
DA:3574,0
DA:3575,0
DA:3576,0
DA:3577,1
DA:3578,0
DA:3579,0
DA:3580,0
DA:3581,0
DA:3582,1
DA:3583,0
DA:3584,0
DA:3585,0
DA:3586,0
DA:3587,1
DA:3588,1
DA:3589,1
DA:3590,1
DA:3591,1
DA:3592,1
DA:3593,1
DA:3594,1
DA:3595,1
DA:3596,1
DA:3597,1
DA:3598,1
DA:3599,1
DA:3600,1
DA:3601,1
DA:3602,1
DA:3603,1
DA:3604,1
DA:3605,1
DA:3606,1
DA:3607,1
DA:3608,1
DA:3609,1
DA:3610,1
DA:3611,1
DA:3612,1
DA:3613,1
DA:3614,1
DA:3615,1
DA:3616,1
DA:3617,1
DA:3618,1
DA:3619,0
DA:3620,0
DA:3621,0
DA:3622,0
DA:3623,0
DA:3624,0
DA:3625,0
DA:3626,0
DA:3627,0
DA:3628,0
DA:3629,0
DA:3630,1
DA:3631,0
DA:3632,0
DA:3633,0
DA:3634,0
DA:3635,0
DA:3636,0
DA:3637,0
DA:3638,0
DA:3639,0
DA:3640,1
DA:3641,0
DA:3642,0
DA:3643,0
DA:3644,0
DA:3645,0
DA:3646,0
DA:3647,0
DA:3648,0
DA:3649,0
DA:3650,0
DA:3651,0
DA:3652,0
DA:3653,1
DA:3654,1
DA:3655,0
DA:3656,0
DA:3657,0
DA:3658,0
DA:3659,0
DA:3660,0
DA:3661,0
DA:3662,0
DA:3663,0
DA:3664,0
DA:3665,0
DA:3666,1
DA:3667,0
DA:3668,0
DA:3669,0
DA:3670,0
DA:3671,0
DA:3672,0
DA:3673,0
DA:3674,0
DA:3675,0
DA:3676,0
DA:3677,0
DA:3678,0
DA:3679,0
DA:3680,0
DA:3681,0
DA:3682,0
DA:3683,0
DA:3684,0
DA:3685,0
DA:3686,0
DA:3687,0
DA:3688,0
DA:3689,0
DA:3690,0
DA:3691,0
DA:3692,0
DA:3693,1
DA:3694,0
DA:3695,0
DA:3696,0
DA:3697,0
DA:3698,0
DA:3699,0
DA:3700,0
DA:3701,0
DA:3702,0
DA:3703,1
DA:3704,0
DA:3705,0
DA:3706,0
DA:3707,0
DA:3708,0
DA:3709,0
DA:3710,0
DA:3711,0
DA:3712,0
DA:3713,0
DA:3714,0
DA:3715,0
DA:3716,0
DA:3717,0
DA:3718,0
DA:3719,0
DA:3720,0
DA:3721,0
DA:3722,0
DA:3723,0
DA:3724,0
DA:3725,0
DA:3726,0
DA:3727,0
DA:3728,0
DA:3729,1
DA:3730,0
DA:3731,0
DA:3732,0
DA:3733,0
DA:3734,0
DA:3735,0
DA:3736,0
DA:3737,0
DA:3738,0
DA:3739,0
DA:3740,0
DA:3741,0
DA:3742,0
DA:3743,0
DA:3744,0
DA:3745,0
DA:3746,0
DA:3747,0
DA:3748,0
DA:3749,0
DA:3750,0
DA:3751,0
DA:3752,0
DA:3753,0
DA:3754,0
DA:3755,0
DA:3756,0
DA:3757,0
DA:3758,0
DA:3759,0
DA:3760,0
DA:3761,0
DA:3762,0
DA:3763,0
DA:3764,0
DA:3765,0
DA:3766,0
DA:3767,0
DA:3768,0
DA:3769,0
DA:3770,0
DA:3771,0
DA:3772,0
DA:3773,0
DA:3774,0
DA:3775,0
DA:3776,1
DA:3777,1
DA:3778,1
DA:3779,1
DA:3780,1
DA:3781,0
DA:3782,0
DA:3783,0
DA:3784,0
DA:3785,0
DA:3786,0
DA:3787,0
DA:3788,1
DA:3789,0
DA:3790,0
DA:3791,0
DA:3792,0
DA:3793,0
DA:3794,0
DA:3795,0
DA:3796,0
DA:3797,0
DA:3798,0
DA:3799,0
DA:3800,0
DA:3801,0
DA:3802,0
DA:3803,0
DA:3804,0
DA:3805,0
DA:3806,0
DA:3807,0
DA:3808,0
DA:3809,1
DA:3810,0
DA:3811,0
DA:3812,0
DA:3813,0
DA:3814,1
DA:3815,0
DA:3816,0
DA:3817,0
DA:3818,0
DA:3819,0
DA:3820,0
DA:3821,0
DA:3822,1
DA:3823,0
DA:3824,0
DA:3825,0
DA:3826,0
DA:3827,0
DA:3828,1
DA:3829,1
DA:3830,1
DA:3831,1
DA:3832,1
DA:3833,0
DA:3834,0
DA:3835,0
DA:3836,0
DA:3837,0
DA:3838,0
DA:3839,0
DA:3840,1
DA:3841,0
DA:3842,0
DA:3843,0
DA:3844,0
DA:3845,0
DA:3846,1
DA:3847,0
DA:3848,0
DA:3849,0
DA:3850,0
DA:3851,0
DA:3852,0
DA:3853,0
DA:3854,0
DA:3855,0
DA:3856,0
DA:3857,0
DA:3858,0
DA:3859,0
DA:3860,0
DA:3861,1
DA:3862,0
DA:3863,0
DA:3864,0
DA:3865,0
DA:3866,0
DA:3867,0
DA:3868,0
DA:3869,0
DA:3870,0
DA:3871,0
DA:3872,0
DA:3873,0
DA:3874,0
DA:3875,0
DA:3876,1
DA:3877,0
DA:3878,0
DA:3879,0
DA:3880,1
DA:3881,0
DA:3882,0
DA:3883,0
DA:3884,1
DA:3885,0
DA:3886,0
DA:3887,0
DA:3888,1
DA:3889,0
DA:3890,0
DA:3891,0
DA:3892,1
DA:3893,0
DA:3894,0
DA:3895,0
DA:3896,0
DA:3897,0
DA:3898,0
DA:3899,0
DA:3900,0
DA:3901,1
DA:3902,0
DA:3903,0
DA:3904,0
DA:3905,1
DA:3906,0
DA:3907,0
DA:3908,0
DA:3909,0
DA:3910,0
DA:3911,0
DA:3912,0
DA:3913,0
DA:3914,0
DA:3915,0
DA:3916,0
DA:3917,0
DA:3918,0
DA:3919,0
DA:3920,0
DA:3921,0
DA:3922,0
DA:3923,0
DA:3924,0
DA:3925,0
DA:3926,0
DA:3927,0
DA:3928,0
DA:3929,0
DA:3930,0
DA:3931,0
DA:3932,0
DA:3933,0
DA:3934,0
DA:3935,0
DA:3936,0
DA:3937,0
DA:3938,0
DA:3939,0
DA:3940,0
DA:3941,0
DA:3942,0
DA:3943,0
DA:3944,0
DA:3945,0
DA:3946,0
DA:3947,0
DA:3948,0
DA:3949,0
DA:3950,1
DA:3951,0
DA:3952,0
DA:3953,0
DA:3954,0
DA:3955,0
DA:3956,0
DA:3957,0
DA:3958,0
DA:3959,0
DA:3960,0
DA:3961,0
DA:3962,0
DA:3963,0
DA:3964,0
DA:3965,0
DA:3966,0
DA:3967,0
DA:3968,0
DA:3969,0
DA:3970,0
DA:3971,0
DA:3972,0
DA:3973,0
DA:3974,0
DA:3975,0
DA:3976,0
DA:3977,0
DA:3978,0
DA:3979,0
DA:3980,0
DA:3981,0
DA:3982,0
DA:3983,0
DA:3984,0
DA:3985,0
DA:3986,0
DA:3987,1
DA:3988,0
DA:3989,0
DA:3990,0
DA:3991,0
DA:3992,1
DA:3993,0
DA:3994,0
DA:3995,0
DA:3996,0
DA:3997,0
DA:3998,1
DA:3999,0
DA:4000,0
DA:4001,0
DA:4002,0
DA:4003,1
DA:4004,0
DA:4005,0
DA:4006,0
DA:4007,0
DA:4008,0
DA:4009,0
DA:4010,0
DA:4011,0
DA:4012,0
DA:4013,0
DA:4014,0
DA:4015,0
DA:4016,0
DA:4017,0
DA:4018,0
DA:4019,0
DA:4020,0
DA:4021,0
DA:4022,0
DA:4023,0
DA:4024,0
DA:4025,0
DA:4026,1
DA:4027,0
DA:4028,0
DA:4029,0
DA:4030,0
DA:4031,0
DA:4032,0
DA:4033,0
DA:4034,0
DA:4035,0
DA:4036,1
DA:4037,0
DA:4038,0
DA:4039,0
DA:4040,1
DA:4041,0
DA:4042,0
DA:4043,0
DA:4044,0
DA:4045,0
DA:4046,0
DA:4047,1
DA:4048,1
DA:4049,1
DA:4050,1
DA:4051,1
DA:4052,1
DA:4053,0
DA:4054,0
DA:4055,1
DA:4056,0
DA:4057,0
DA:4058,0
DA:4059,0
DA:4060,0
DA:4061,0
DA:4062,0
DA:4063,0
DA:4064,0
DA:4065,0
DA:4066,0
DA:4067,0
DA:4068,1
DA:4069,0
DA:4070,0
DA:4071,0
DA:4072,0
DA:4073,1
DA:4074,0
DA:4075,0
DA:4076,0
DA:4077,0
DA:4078,1
DA:4079,1
DA:4080,1
DA:4081,1
DA:4082,1
DA:4083,1
DA:4084,1
DA:4085,1
DA:4086,1
DA:4087,1
DA:4088,1
DA:4089,1
DA:4090,1
DA:4091,1
DA:4092,1
DA:4093,1
DA:4094,1
DA:4095,1
DA:4096,1
DA:4097,1
DA:4098,1
DA:4099,1
DA:4100,1
DA:4101,1
DA:4102,1
DA:4103,1
DA:4104,1
DA:4105,0
DA:4106,0
DA:4107,0
DA:4108,0
DA:4109,0
DA:4110,0
DA:4111,0
DA:4112,1
DA:4113,0
DA:4114,0
DA:4115,0
DA:4116,0
DA:4117,0
DA:4118,0
DA:4119,0
DA:4120,0
DA:4121,0
DA:4122,1
DA:4123,0
DA:4124,0
DA:4125,0
DA:4126,0
DA:4127,0
DA:4128,0
DA:4129,0
DA:4130,1
DA:4131,1
DA:4132,1
DA:4133,0
DA:4134,0
DA:4135,0
DA:4136,1
DA:4137,0
DA:4138,0
DA:4139,0
DA:4140,0
DA:4141,1
DA:4142,0
DA:4143,0
DA:4144,0
DA:4145,1
DA:4146,0
DA:4147,0
DA:4148,0
DA:4149,0
DA:4150,0
DA:4151,0
DA:4152,0
DA:4153,0
DA:4154,0
DA:4155,0
DA:4156,0
DA:4157,0
DA:4158,0
DA:4159,0
DA:4160,0
DA:4161,1
DA:4162,0
DA:4163,0
DA:4164,0
DA:4165,0
DA:4166,1
DA:4167,0
DA:4168,0
DA:4169,0
DA:4170,1
DA:4171,0
DA:4172,0
DA:4173,0
DA:4174,0
DA:4175,0
DA:4176,0
DA:4177,0
DA:4178,0
DA:4179,0
DA:4180,0
DA:4181,0
DA:4182,0
DA:4183,0
DA:4184,0
DA:4185,0
DA:4186,0
DA:4187,0
DA:4188,0
DA:4189,0
DA:4190,0
DA:4191,0
DA:4192,0
DA:4193,0
DA:4194,0
DA:4195,0
DA:4196,0
DA:4197,0
DA:4198,0
DA:4199,0
DA:4200,0
DA:4201,0
DA:4202,0
DA:4203,1
DA:4204,0
DA:4205,0
DA:4206,0
DA:4207,1
DA:4208,0
DA:4209,0
DA:4210,0
DA:4211,0
DA:4212,0
DA:4213,0
DA:4214,0
DA:4215,0
DA:4216,0
DA:4217,0
DA:4218,0
DA:4219,0
DA:4220,0
DA:4221,0
DA:4222,0
DA:4223,0
DA:4224,0
DA:4225,1
DA:4226,1
DA:4227,1
DA:4228,1
DA:4229,1
DA:4230,1
DA:4231,0
DA:4232,0
DA:4233,1
DA:4234,0
DA:4235,0
DA:4236,0
DA:4237,0
DA:4238,0
DA:4239,0
DA:4240,0
DA:4241,1
DA:4242,0
DA:4243,0
DA:4244,0
DA:4245,0
DA:4246,1
DA:4247,0
DA:4248,0
DA:4249,0
DA:4250,0
DA:4251,1
DA:4252,1
DA:4253,1
DA:4254,1
DA:4255,1
DA:4256,1
DA:4257,1
DA:4258,1
DA:4259,1
DA:4260,1
DA:4261,1
DA:4262,1
DA:4263,1
DA:4264,1
DA:4265,1
DA:4266,1
DA:4267,1
DA:4268,1
DA:4269,1
DA:4270,1
DA:4271,1
DA:4272,1
DA:4273,1
DA:4274,1
DA:4275,1
DA:4276,1
DA:4277,1
DA:4278,1
DA:4279,1
DA:4280,0
DA:4281,1
DA:4282,0
DA:4283,0
DA:4284,0
DA:4285,0
DA:4286,0
DA:4287,0
DA:4288,0
DA:4289,0
DA:4290,0
DA:4291,0
DA:4292,0
DA:4293,0
DA:4294,0
DA:4295,0
DA:4296,1
DA:4297,1
DA:4298,0
DA:4299,0
DA:4300,0
DA:4301,1
DA:4302,1
DA:4303,1
DA:4304,1
DA:4305,1
DA:4306,0
DA:4307,0
DA:4308,1
DA:4309,1
DA:4310,1
DA:4311,1
DA:4312,1
DA:4313,1
DA:4314,0
DA:4315,0
DA:4316,1
DA:4317,0
DA:4318,0
DA:4319,0
DA:4320,0
DA:4321,0
DA:4322,1
DA:4323,0
DA:4324,0
DA:4325,0
DA:4326,0
DA:4327,0
DA:4328,1
DA:4329,1
DA:4330,1
DA:4331,1
DA:4332,1
DA:4333,1
DA:4334,1
DA:4335,1
DA:4336,1
DA:4337,1
DA:4338,1
DA:4339,1
DA:4340,1
DA:4341,1
DA:4342,1
DA:4343,1
DA:4344,0
DA:4345,0
DA:4346,0
DA:4347,1
DA:4348,1
DA:4349,1
DA:4350,1
DA:4351,1
DA:4352,1
DA:4353,1
DA:4354,1
DA:4355,1
DA:4356,1
DA:4357,1
DA:4358,1
DA:4359,1
DA:4360,1
DA:4361,1
DA:4362,1
DA:4363,1
DA:4364,1
DA:4365,0
DA:4366,1
DA:4367,0
DA:4368,0
DA:4369,0
DA:4370,1
DA:4371,1
DA:4372,0
DA:4373,0
DA:4374,0
DA:4375,0
DA:4376,0
DA:4377,0
DA:4378,1
DA:4379,1
DA:4380,1
DA:4381,1
DA:4382,1
DA:4383,0
DA:4384,0
DA:4385,0
DA:4386,0
DA:4387,1
DA:4388,1
DA:4389,1
DA:4390,1
DA:4391,1
DA:4392,1
DA:4393,0
DA:4394,0
DA:4395,0
DA:4396,0
DA:4397,0
DA:4398,1
DA:4399,0
DA:4400,0
DA:4401,0
DA:4402,0
DA:4403,0
DA:4404,0
DA:4405,0
DA:4406,0
DA:4407,0
DA:4408,1
DA:4409,0
DA:4410,0
DA:4411,0
DA:4412,0
DA:4413,0
DA:4414,0
DA:4415,0
DA:4416,0
DA:4417,0
DA:4418,0
DA:4419,0
DA:4420,0
DA:4421,0
DA:4422,0
DA:4423,1
DA:4424,1
DA:4425,1
DA:4426,0
DA:4427,0
DA:4428,1
DA:4429,0
DA:4430,0
DA:4431,0
DA:4432,0
DA:4433,1
DA:4434,0
DA:4435,0
DA:4436,0
DA:4437,0
DA:4438,0
DA:4439,1
DA:4440,1
DA:4441,1
DA:4442,1
DA:4443,1
DA:4444,1
DA:4445,1
DA:4446,1
DA:4447,1
DA:4448,1
DA:4449,1
DA:4450,1
DA:4451,1
DA:4452,1
DA:4453,1
DA:4454,1
DA:4455,1
DA:4456,1
DA:4457,1
DA:4458,1
DA:4459,1
DA:4460,1
DA:4461,1
DA:4462,1
DA:4463,0
DA:4464,1
DA:4465,0
DA:4466,0
DA:4467,0
DA:4468,0
DA:4469,0
DA:4470,0
DA:4471,0
DA:4472,0
DA:4473,0
DA:4474,0
DA:4475,0
DA:4476,0
DA:4477,0
DA:4478,0
DA:4479,0
DA:4480,0
DA:4481,0
DA:4482,0
DA:4483,0
DA:4484,0
DA:4485,1
DA:4486,1
DA:4487,1
DA:4488,1
DA:4489,1
DA:4490,1
DA:4491,0
DA:4492,0
DA:4493,0
DA:4494,1
DA:4495,1
DA:4496,1
DA:4497,1
DA:4498,1
DA:4499,1
DA:4500,1
DA:4501,1
DA:4502,0
DA:4503,0
DA:4504,0
DA:4505,0
DA:4506,1
DA:4507,0
DA:4508,0
DA:4509,1
DA:4510,0
DA:4511,0
DA:4512,0
DA:4513,0
DA:4514,1
DA:4515,0
DA:4516,0
DA:4517,0
DA:4518,0
DA:4519,1
DA:4520,1
DA:4521,1
DA:4522,1
DA:4523,1
DA:4524,1
DA:4525,1
DA:4526,1
DA:4527,1
DA:4528,1
DA:4529,1
DA:4530,1
DA:4531,1
DA:4532,1
DA:4533,1
DA:4534,1
DA:4535,1
DA:4536,1
DA:4537,1
DA:4538,1
DA:4539,1
DA:4540,1
DA:4541,1
DA:4542,0
DA:4543,0
DA:4544,0
DA:4545,0
DA:4546,1
DA:4547,0
DA:4548,0
DA:4549,0
DA:4550,0
DA:4551,0
DA:4552,0
DA:4553,0
DA:4554,1
DA:4555,1
DA:4556,1
DA:4557,1
DA:4558,1
DA:4559,1
DA:4560,1
DA:4561,0
DA:4562,1
DA:4563,1
DA:4564,1
DA:4565,1
DA:4566,0
DA:4567,0
DA:4568,0
DA:4569,0
DA:4570,0
DA:4571,0
DA:4572,0
DA:4573,0
DA:4574,0
DA:4575,0
DA:4576,0
DA:4577,1
DA:4578,0
DA:4579,0
DA:4580,0
DA:4581,0
DA:4582,0
DA:4583,0
DA:4584,0
DA:4585,0
DA:4586,0
DA:4587,1
DA:4588,0
DA:4589,0
DA:4590,0
DA:4591,0
DA:4592,0
DA:4593,0
DA:4594,0
DA:4595,0
DA:4596,1
DA:4597,0
DA:4598,0
DA:4599,0
DA:4600,0
DA:4601,0
DA:4602,0
DA:4603,0
DA:4604,0
DA:4605,1
DA:4606,1
DA:4607,0
DA:4608,0
DA:4609,0
DA:4610,0
DA:4611,0
DA:4612,0
DA:4613,0
DA:4614,0
DA:4615,0
DA:4616,1
DA:4617,0
DA:4618,0
DA:4619,0
DA:4620,0
DA:4621,0
DA:4622,0
DA:4623,0
DA:4624,0
DA:4625,0
DA:4626,0
DA:4627,0
DA:4628,0
DA:4629,0
DA:4630,0
DA:4631,0
DA:4632,0
DA:4633,0
DA:4634,0
DA:4635,0
DA:4636,0
DA:4637,0
DA:4638,0
DA:4639,0
DA:4640,0
DA:4641,0
DA:4642,0
DA:4643,0
DA:4644,0
DA:4645,0
DA:4646,0
DA:4647,0
DA:4648,0
DA:4649,0
DA:4650,0
DA:4651,0
DA:4652,0
DA:4653,1
DA:4654,0
DA:4655,0
DA:4656,0
DA:4657,0
DA:4658,0
DA:4659,0
DA:4660,0
DA:4661,0
DA:4662,0
DA:4663,0
DA:4664,0
DA:4665,0
DA:4666,0
DA:4667,0
DA:4668,0
DA:4669,0
DA:4670,1
DA:4671,0
DA:4672,0
DA:4673,0
DA:4674,0
DA:4675,0
DA:4676,0
DA:4677,0
DA:4678,0
DA:4679,0
DA:4680,0
DA:4681,1
DA:4682,0
DA:4683,0
DA:4684,0
DA:4685,0
DA:4686,0
DA:4687,0
DA:4688,0
DA:4689,0
DA:4690,0
DA:4691,0
DA:4692,0
DA:4693,0
DA:4694,0
DA:4695,0
DA:4696,0
DA:4697,0
DA:4698,1
DA:4699,0
DA:4700,0
DA:4701,0
DA:4702,0
DA:4703,0
DA:4704,0
DA:4705,0
DA:4706,1
DA:4707,0
DA:4708,0
DA:4709,0
DA:4710,0
DA:4711,0
DA:4712,0
DA:4713,0
DA:4714,1
DA:4715,1
DA:4716,1
DA:4717,1
DA:4718,1
DA:4719,1
DA:4720,1
DA:4721,1
DA:4722,1
DA:4723,0
DA:4724,0
DA:4725,0
DA:4726,0
DA:4727,0
DA:4728,0
DA:4729,0
DA:4730,0
DA:4731,0
DA:4732,0
DA:4733,0
DA:4734,0
DA:4735,0
DA:4736,0
DA:4737,0
DA:4738,0
DA:4739,0
DA:4740,1
DA:4741,1
DA:4742,1
DA:4743,1
DA:4744,0
DA:4745,0
DA:4746,1
DA:4747,0
DA:4748,0
DA:4749,0
DA:4750,0
DA:4751,0
DA:4752,0
DA:4753,0
DA:4754,0
DA:4755,1
DA:4756,0
DA:4757,0
DA:4758,0
DA:4759,0
DA:4760,0
DA:4761,1
DA:4762,1
DA:4763,0
DA:4764,1
DA:4765,1
DA:4766,1
DA:4767,1
DA:4768,1
DA:4769,1
DA:4770,1
DA:4771,1
DA:4772,1
DA:4773,1
DA:4774,1
DA:4775,1
DA:4776,1
DA:4777,1
DA:4778,1
DA:4779,1
DA:4780,1
DA:4781,1
DA:4782,1
DA:4783,1
DA:4784,1
DA:4785,1
DA:4786,0
DA:4787,0
DA:4788,0
DA:4789,0
DA:4790,0
DA:4791,0
DA:4792,0
DA:4793,0
DA:4794,0
DA:4795,0
DA:4796,1
DA:4797,1
DA:4798,1
DA:4799,1
DA:4800,1
DA:4801,1
DA:4802,1
DA:4803,1
DA:4804,0
DA:4805,0
DA:4806,0
DA:4807,1
DA:4808,1
DA:4809,1
DA:4810,1
DA:4811,1
DA:4812,1
DA:4813,1
DA:4814,1
DA:4815,1
DA:4816,1
DA:4817,1
DA:4818,1
DA:4819,1
DA:4820,1
DA:4821,1
DA:4822,1
DA:4823,1
DA:4824,1
DA:4825,1
DA:4826,1
DA:4827,1
DA:4828,1
DA:4829,1
DA:4830,1
DA:4831,1
DA:4832,1
DA:4833,1
DA:4834,1
DA:4835,1
DA:4836,1
DA:4837,1
DA:4838,1
DA:4839,1
DA:4840,1
DA:4841,0
DA:4842,0
DA:4843,0
DA:4844,0
DA:4845,0
DA:4846,0
DA:4847,0
DA:4848,0
DA:4849,0
DA:4850,1
DA:4851,0
DA:4852,0
DA:4853,0
DA:4854,1
DA:4855,0
DA:4856,0
DA:4857,0
DA:4858,0
DA:4859,0
DA:4860,0
DA:4861,0
DA:4862,0
DA:4863,0
DA:4864,1
DA:4865,0
DA:4866,0
DA:4867,0
DA:4868,0
DA:4869,0
DA:4870,0
DA:4871,0
DA:4872,1
DA:4873,1
DA:4874,1
DA:4875,1
DA:4876,1
DA:4877,0
DA:4878,0
DA:4879,0
DA:4880,0
DA:4881,0
DA:4882,0
DA:4883,0
DA:4884,0
DA:4885,0
DA:4886,0
DA:4887,0
DA:4888,0
DA:4889,0
DA:4890,0
DA:4891,0
DA:4892,0
DA:4893,0
DA:4894,0
DA:4895,0
DA:4896,0
DA:4897,0
DA:4898,0
DA:4899,0
DA:4900,0
DA:4901,0
DA:4902,0
DA:4903,0
DA:4904,0
DA:4905,0
DA:4906,0
DA:4907,0
DA:4908,0
DA:4909,0
DA:4910,0
DA:4911,1
DA:4912,0
DA:4913,0
DA:4914,0
DA:4915,0
DA:4916,0
DA:4917,0
DA:4918,0
DA:4919,0
DA:4920,0
DA:4921,1
DA:4922,0
DA:4923,0
DA:4924,0
DA:4925,0
DA:4926,0
DA:4927,0
DA:4928,0
DA:4929,0
DA:4930,0
DA:4931,0
DA:4932,0
DA:4933,1
DA:4934,1
DA:4935,1
DA:4936,0
DA:4937,0
DA:4938,0
DA:4939,0
DA:4940,0
DA:4941,0
DA:4942,0
DA:4943,0
DA:4944,0
DA:4945,0
DA:4946,0
DA:4947,0
DA:4948,0
DA:4949,0
DA:4950,0
DA:4951,0
DA:4952,0
DA:4953,1
DA:4954,0
DA:4955,0
DA:4956,0
DA:4957,0
DA:4958,0
DA:4959,0
DA:4960,0
DA:4961,0
DA:4962,0
DA:4963,0
DA:4964,1
DA:4965,1
DA:4966,0
DA:4967,0
DA:4968,0
DA:4969,1
DA:4970,0
DA:4971,0
DA:4972,0
DA:4973,0
DA:4974,0
DA:4975,0
DA:4976,0
DA:4977,0
DA:4978,0
DA:4979,0
DA:4980,0
DA:4981,0
DA:4982,0
DA:4983,0
DA:4984,0
DA:4985,0
DA:4986,0
DA:4987,0
DA:4988,0
DA:4989,0
DA:4990,0
DA:4991,0
DA:4992,0
DA:4993,0
DA:4994,0
DA:4995,0
DA:4996,0
DA:4997,0
DA:4998,0
DA:4999,0
DA:5000,0
DA:5001,0
DA:5002,0
DA:5003,0
DA:5004,0
DA:5005,0
DA:5006,0
DA:5007,0
DA:5008,0
DA:5009,0
DA:5010,0
DA:5011,0
DA:5012,0
DA:5013,0
DA:5014,0
DA:5015,0
DA:5016,0
DA:5017,0
DA:5018,0
DA:5019,0
DA:5020,0
DA:5021,0
DA:5022,0
DA:5023,0
DA:5024,0
DA:5025,0
DA:5026,0
DA:5027,0
DA:5028,0
DA:5029,0
DA:5030,0
DA:5031,0
DA:5032,0
DA:5033,0
DA:5034,1
DA:5035,1
DA:5036,0
DA:5037,0
DA:5038,0
DA:5039,0
DA:5040,0
DA:5041,1
DA:5042,0
DA:5043,0
DA:5044,0
DA:5045,0
DA:5046,0
DA:5047,1
DA:5048,0
DA:5049,0
DA:5050,0
DA:5051,0
DA:5052,0
DA:5053,1
DA:5054,0
DA:5055,0
DA:5056,0
DA:5057,0
DA:5058,0
DA:5059,0
DA:5060,0
DA:5061,0
DA:5062,1
DA:5063,0
DA:5064,0
DA:5065,0
DA:5066,0
DA:5067,0
DA:5068,0
DA:5069,0
DA:5070,0
DA:5071,0
DA:5072,0
DA:5073,0
DA:5074,0
DA:5075,0
DA:5076,1
DA:5077,0
DA:5078,0
DA:5079,0
DA:5080,1
DA:5081,0
DA:5082,0
DA:5083,0
DA:5084,0
DA:5085,0
DA:5086,0
DA:5087,0
DA:5088,0
DA:5089,0
DA:5090,0
DA:5091,0
DA:5092,0
DA:5093,0
DA:5094,0
DA:5095,0
DA:5096,0
DA:5097,0
DA:5098,0
DA:5099,0
DA:5100,0
DA:5101,0
DA:5102,0
DA:5103,0
DA:5104,0
DA:5105,0
DA:5106,0
DA:5107,1
DA:5108,0
DA:5109,0
DA:5110,0
DA:5111,0
DA:5112,0
DA:5113,0
DA:5114,0
DA:5115,0
DA:5116,1
DA:5117,0
DA:5118,0
DA:5119,0
DA:5120,0
DA:5121,0
DA:5122,0
DA:5123,0
DA:5124,0
DA:5125,0
DA:5126,0
DA:5127,0
DA:5128,0
DA:5129,0
DA:5130,0
DA:5131,0
DA:5132,0
DA:5133,0
DA:5134,0
DA:5135,0
DA:5136,1
DA:5137,1
DA:5138,1
DA:5139,1
DA:5140,1
DA:5141,1
DA:5142,1
DA:5143,1
DA:5144,1
DA:5145,1
DA:5146,1
DA:5147,1
DA:5148,1
DA:5149,1
DA:5150,1
DA:5151,1
DA:5152,1
DA:5153,1
DA:5154,1
DA:5155,1
DA:5156,1
DA:5157,1
DA:5158,1
DA:5159,1
DA:5160,1
DA:5161,1
DA:5162,1
DA:5163,1
DA:5164,1
DA:5165,1
DA:5166,1
DA:5167,1
DA:5168,1
DA:5169,1
DA:5170,1
DA:5171,1
DA:5172,1
DA:5173,1
DA:5174,1
DA:5175,1
DA:5176,1
DA:5177,1
DA:5178,1
DA:5179,1
DA:5180,1
DA:5181,1
DA:5182,1
DA:5183,1
DA:5184,1
DA:5185,1
DA:5186,1
DA:5187,1
DA:5188,0
DA:5189,0
DA:5190,0
DA:5191,0
DA:5192,0
DA:5193,0
DA:5194,0
DA:5195,0
DA:5196,0
DA:5197,0
DA:5198,0
DA:5199,0
DA:5200,0
DA:5201,0
DA:5202,0
DA:5203,0
DA:5204,0
DA:5205,0
DA:5206,0
DA:5207,0
DA:5208,0
DA:5209,1
DA:5210,0
DA:5211,0
DA:5212,0
DA:5213,0
DA:5214,0
DA:5215,0
DA:5216,0
DA:5217,0
DA:5218,0
DA:5219,0
DA:5220,0
DA:5221,0
DA:5222,0
DA:5223,0
DA:5224,0
DA:5225,0
DA:5226,0
DA:5227,0
DA:5228,0
DA:5229,0
DA:5230,0
DA:5231,0
DA:5232,0
DA:5233,0
DA:5234,0
DA:5235,0
DA:5236,0
DA:5237,0
DA:5238,0
DA:5239,0
DA:5240,0
DA:5241,0
DA:5242,0
DA:5243,0
DA:5244,0
DA:5245,0
DA:5246,0
DA:5247,0
DA:5248,0
DA:5249,0
DA:5250,0
DA:5251,1
DA:5252,0
DA:5253,0
DA:5254,0
DA:5255,0
DA:5256,0
DA:5257,0
DA:5258,0
DA:5259,0
DA:5260,0
DA:5261,0
DA:5262,0
DA:5263,0
DA:5264,0
DA:5265,1
DA:5266,1
DA:5267,0
DA:5268,0
DA:5269,0
DA:5270,0
DA:5271,0
DA:5272,0
DA:5273,0
DA:5274,0
DA:5275,0
DA:5276,0
DA:5277,0
DA:5278,0
DA:5279,0
DA:5280,0
DA:5281,0
DA:5282,0
DA:5283,1
DA:5284,1
DA:5285,0
DA:5286,0
DA:5287,0
DA:5288,0
DA:5289,0
DA:5290,0
DA:5291,0
DA:5292,0
DA:5293,0
DA:5294,0
DA:5295,0
DA:5296,0
DA:5297,0
DA:5298,0
DA:5299,0
DA:5300,0
DA:5301,0
DA:5302,0
DA:5303,0
DA:5304,0
DA:5305,0
DA:5306,0
DA:5307,0
DA:5308,0
DA:5309,0
DA:5310,0
DA:5311,1
DA:5312,0
DA:5313,0
DA:5314,0
DA:5315,0
DA:5316,0
DA:5317,0
DA:5318,0
DA:5319,0
DA:5320,0
DA:5321,0
DA:5322,0
DA:5323,0
DA:5324,0
DA:5325,0
DA:5326,1
DA:5327,0
DA:5328,0
DA:5329,0
DA:5330,0
DA:5331,0
DA:5332,0
DA:5333,0
DA:5334,0
DA:5335,1
DA:5336,0
DA:5337,0
DA:5338,0
DA:5339,0
DA:5340,0
DA:5341,0
DA:5342,0
DA:5343,0
DA:5344,0
DA:5345,0
DA:5346,0
DA:5347,0
DA:5348,0
DA:5349,1
DA:5350,0
DA:5351,0
DA:5352,0
DA:5353,0
DA:5354,0
DA:5355,0
DA:5356,0
DA:5357,0
DA:5358,0
DA:5359,0
DA:5360,0
DA:5361,0
DA:5362,0
DA:5363,0
DA:5364,0
DA:5365,0
DA:5366,1
DA:5367,0
DA:5368,0
DA:5369,0
DA:5370,0
DA:5371,0
DA:5372,0
DA:5373,0
DA:5374,0
DA:5375,0
DA:5376,0
DA:5377,0
DA:5378,0
DA:5379,0
DA:5380,0
DA:5381,0
DA:5382,0
DA:5383,0
DA:5384,0
DA:5385,0
DA:5386,0
DA:5387,0
DA:5388,0
DA:5389,0
DA:5390,0
DA:5391,0
DA:5392,0
DA:5393,0
DA:5394,0
DA:5395,0
DA:5396,0
DA:5397,0
DA:5398,0
DA:5399,0
DA:5400,0
DA:5401,0
DA:5402,1
DA:5403,0
DA:5404,0
DA:5405,0
DA:5406,0
DA:5407,0
DA:5408,0
DA:5409,1
DA:5410,0
DA:5411,0
DA:5412,0
DA:5413,0
DA:5414,0
DA:5415,1
DA:5416,0
DA:5417,0
DA:5418,0
DA:5419,0
DA:5420,0
DA:5421,1
DA:5422,0
DA:5423,0
DA:5424,0
DA:5425,0
DA:5426,0
DA:5427,1
DA:5428,1
DA:5429,1
DA:5430,1
DA:5431,1
DA:5432,1
DA:5433,1
DA:5434,1
DA:5435,1
DA:5436,1
DA:5437,0
DA:5438,0
DA:5439,0
DA:5440,0
DA:5441,0
DA:5442,0
DA:5443,0
DA:5444,0
DA:5445,0
DA:5446,0
DA:5447,0
DA:5448,0
DA:5449,0
DA:5450,0
DA:5451,0
DA:5452,0
DA:5453,0
DA:5454,0
DA:5455,0
DA:5456,0
DA:5457,0
DA:5458,0
DA:5459,0
DA:5460,0
DA:5461,0
DA:5462,0
DA:5463,0
DA:5464,0
DA:5465,0
DA:5466,0
DA:5467,0
DA:5468,0
DA:5469,0
DA:5470,1
DA:5471,1
DA:5472,1
DA:5473,1
DA:5474,0
DA:5475,0
DA:5476,1
DA:5477,0
DA:5478,0
DA:5479,0
DA:5480,0
DA:5481,0
DA:5482,0
DA:5483,0
DA:5484,0
DA:5485,1
DA:5486,0
DA:5487,0
DA:5488,0
DA:5489,0
DA:5490,1
DA:5491,0
DA:5492,0
DA:5493,0
DA:5494,0
DA:5495,1
DA:5496,1
DA:5497,1
DA:5498,1
DA:5499,1
DA:5500,1
DA:5501,0
DA:5502,1
DA:5503,1
DA:5504,1
DA:5505,1
DA:5506,1
DA:5507,1
DA:5508,1
DA:5509,1
DA:5510,1
DA:5511,1
DA:5512,1
DA:5513,1
DA:5514,1
DA:5515,1
DA:5516,1
DA:5517,1
DA:5518,1
DA:5519,1
DA:5520,1
DA:5521,1
DA:5522,1
DA:5523,1
DA:5524,1
DA:5525,0
DA:5526,0
DA:5527,0
DA:5528,0
DA:5529,0
DA:5530,0
DA:5531,0
DA:5532,0
DA:5533,0
DA:5534,0
DA:5535,0
DA:5536,0
DA:5537,0
DA:5538,0
DA:5539,1
DA:5540,0
DA:5541,1
DA:5542,1
DA:5543,0
DA:5544,0
DA:5545,0
DA:5546,0
DA:5547,0
DA:5548,0
DA:5549,0
DA:5550,0
DA:5551,1
DA:5552,0
DA:5553,0
DA:5554,0
DA:5555,0
DA:5556,0
DA:5557,0
DA:5558,0
DA:5559,0
DA:5560,0
DA:5561,0
DA:5562,0
DA:5563,0
DA:5564,0
DA:5565,0
DA:5566,0
DA:5567,0
DA:5568,0
DA:5569,0
DA:5570,0
DA:5571,1
DA:5572,1
DA:5573,1
DA:5574,0
DA:5575,0
DA:5576,0
DA:5577,0
DA:5578,0
DA:5579,0
DA:5580,0
DA:5581,0
DA:5582,0
DA:5583,0
DA:5584,0
DA:5585,0
DA:5586,0
DA:5587,0
DA:5588,0
DA:5589,0
DA:5590,0
DA:5591,0
DA:5592,0
DA:5593,0
DA:5594,0
DA:5595,0
DA:5596,0
DA:5597,0
DA:5598,0
DA:5599,0
DA:5600,0
DA:5601,0
DA:5602,0
DA:5603,0
DA:5604,0
DA:5605,0
DA:5606,0
DA:5607,0
DA:5608,0
DA:5609,0
DA:5610,0
DA:5611,0
DA:5612,0
DA:5613,0
DA:5614,0
DA:5615,0
DA:5616,0
DA:5617,0
DA:5618,0
DA:5619,0
DA:5620,0
DA:5621,0
DA:5622,0
DA:5623,0
DA:5624,0
DA:5625,1
DA:5626,0
DA:5627,0
DA:5628,0
DA:5629,0
DA:5630,0
DA:5631,0
DA:5632,0
DA:5633,0
DA:5634,1
DA:5635,0
DA:5636,0
DA:5637,0
DA:5638,0
DA:5639,0
DA:5640,0
DA:5641,0
DA:5642,0
DA:5643,0
DA:5644,0
DA:5645,0
DA:5646,1
DA:5647,0
DA:5648,0
DA:5649,0
DA:5650,0
DA:5651,0
DA:5652,0
DA:5653,0
DA:5654,0
DA:5655,1
DA:5656,0
DA:5657,0
DA:5658,0
DA:5659,0
DA:5660,0
DA:5661,0
DA:5662,0
DA:5663,0
DA:5664,0
DA:5665,0
DA:5666,0
DA:5667,0
DA:5668,0
DA:5669,0
DA:5670,0
DA:5671,0
DA:5672,0
DA:5673,0
DA:5674,0
DA:5675,0
DA:5676,0
DA:5677,0
DA:5678,0
DA:5679,0
DA:5680,0
DA:5681,0
DA:5682,0
DA:5683,1
DA:5684,0
DA:5685,0
DA:5686,0
DA:5687,0
DA:5688,0
DA:5689,0
DA:5690,0
DA:5691,0
DA:5692,0
DA:5693,0
DA:5694,0
DA:5695,0
DA:5696,1
DA:5697,0
DA:5698,0
DA:5699,0
DA:5700,0
DA:5701,0
DA:5702,0
DA:5703,0
DA:5704,0
DA:5705,0
DA:5706,0
DA:5707,0
DA:5708,0
DA:5709,0
DA:5710,0
DA:5711,0
DA:5712,0
DA:5713,0
DA:5714,0
DA:5715,0
DA:5716,0
DA:5717,0
DA:5718,0
DA:5719,0
DA:5720,0
DA:5721,0
DA:5722,0
DA:5723,1
DA:5724,0
DA:5725,0
DA:5726,0
DA:5727,1
DA:5728,1
DA:5729,1
DA:5730,0
DA:5731,0
DA:5732,1
DA:5733,0
DA:5734,0
DA:5735,0
DA:5736,0
DA:5737,0
DA:5738,0
DA:5739,0
DA:5740,0
DA:5741,1
DA:5742,0
DA:5743,0
DA:5744,0
DA:5745,0
DA:5746,0
DA:5747,1
DA:5748,1
DA:5749,1
DA:5750,1
DA:5751,1
DA:5752,1
DA:5753,1
DA:5754,1
DA:5755,1
DA:5756,1
DA:5757,1
DA:5758,1
DA:5759,1
DA:5760,1
DA:5761,1
DA:5762,1
DA:5763,1
DA:5764,1
DA:5765,1
DA:5766,1
DA:5767,1
DA:5768,1
DA:5769,1
DA:5770,1
DA:5771,1
DA:5772,1
DA:5773,1
DA:5774,1
DA:5775,1
DA:5776,1
DA:5777,0
DA:5778,0
DA:5779,0
DA:5780,0
DA:5781,0
DA:5782,0
DA:5783,0
DA:5784,0
DA:5785,0
DA:5786,0
DA:5787,0
DA:5788,0
DA:5789,0
DA:5790,0
DA:5791,0
DA:5792,0
DA:5793,0
DA:5794,0
DA:5795,0
DA:5796,0
DA:5797,0
DA:5798,0
DA:5799,0
DA:5800,0
DA:5801,0
DA:5802,0
DA:5803,0
DA:5804,0
DA:5805,0
DA:5806,0
DA:5807,1
DA:5808,0
DA:5809,0
DA:5810,0
DA:5811,0
DA:5812,0
DA:5813,0
DA:5814,0
DA:5815,0
DA:5816,0
DA:5817,0
DA:5818,0
DA:5819,0
DA:5820,0
DA:5821,0
DA:5822,0
DA:5823,1
DA:5824,0
DA:5825,0
DA:5826,0
DA:5827,0
DA:5828,0
DA:5829,0
DA:5830,0
DA:5831,1
DA:5832,1
DA:5833,0
DA:5834,0
DA:5835,1
DA:5836,0
DA:5837,0
DA:5838,0
DA:5839,0
DA:5840,0
DA:5841,0
DA:5842,1
DA:5843,0
DA:5844,0
DA:5845,0
DA:5846,0
DA:5847,0
DA:5848,1
DA:5849,1
DA:5850,1
DA:5851,1
DA:5852,1
DA:5853,1
DA:5854,1
DA:5855,1
DA:5856,1
DA:5857,1
DA:5858,1
DA:5859,1
DA:5860,1
DA:5861,1
DA:5862,1
DA:5863,1
DA:5864,1
DA:5865,1
DA:5866,1
DA:5867,1
DA:5868,1
DA:5869,1
DA:5870,1
DA:5871,1
DA:5872,1
DA:5873,0
DA:5874,0
DA:5875,0
DA:5876,0
DA:5877,0
DA:5878,0
DA:5879,0
DA:5880,0
DA:5881,0
DA:5882,0
DA:5883,0
DA:5884,0
DA:5885,1
DA:5886,0
DA:5887,0
DA:5888,0
DA:5889,0
DA:5890,0
DA:5891,0
DA:5892,0
DA:5893,0
DA:5894,0
DA:5895,0
DA:5896,0
DA:5897,0
DA:5898,0
DA:5899,0
DA:5900,0
DA:5901,0
DA:5902,0
DA:5903,0
DA:5904,0
DA:5905,0
DA:5906,0
DA:5907,1
DA:5908,1
DA:5909,0
DA:5910,0
DA:5911,0
DA:5912,0
DA:5913,0
DA:5914,1
DA:5915,1
DA:5916,1
DA:5917,0
DA:5918,0
DA:5919,0
DA:5920,0
DA:5921,0
DA:5922,0
DA:5923,0
DA:5924,0
DA:5925,0
DA:5926,0
DA:5927,1
DA:5928,0
DA:5929,0
DA:5930,0
DA:5931,0
DA:5932,0
DA:5933,0
DA:5934,0
DA:5935,0
DA:5936,0
DA:5937,0
DA:5938,0
DA:5939,0
DA:5940,0
DA:5941,0
DA:5942,0
DA:5943,0
DA:5944,1
DA:5945,0
DA:5946,0
DA:5947,0
DA:5948,0
DA:5949,0
DA:5950,0
DA:5951,0
DA:5952,0
DA:5953,1
DA:5954,0
DA:5955,0
DA:5956,0
DA:5957,0
DA:5958,0
DA:5959,0
DA:5960,0
DA:5961,0
DA:5962,1
DA:5963,0
DA:5964,0
DA:5965,0
DA:5966,0
DA:5967,0
DA:5968,0
DA:5969,0
DA:5970,0
DA:5971,0
DA:5972,0
DA:5973,0
DA:5974,0
DA:5975,0
DA:5976,0
DA:5977,0
DA:5978,0
DA:5979,0
DA:5980,0
DA:5981,0
DA:5982,0
DA:5983,0
DA:5984,0
DA:5985,0
DA:5986,0
DA:5987,0
DA:5988,1
DA:5989,1
DA:5990,1
DA:5991,1
DA:5992,1
DA:5993,1
DA:5994,1
DA:5995,1
DA:5996,1
DA:5997,0
DA:5998,0
DA:5999,1
DA:6000,0
DA:6001,0
DA:6002,0
DA:6003,0
DA:6004,0
DA:6005,0
DA:6006,0
DA:6007,0
DA:6008,1
DA:6009,0
DA:6010,0
DA:6011,0
DA:6012,0
DA:6013,1
DA:6014,0
DA:6015,0
DA:6016,0
DA:6017,0
DA:6018,1
DA:6019,1
DA:6020,1
DA:6021,1
DA:6022,1
DA:6023,1
DA:6024,1
DA:6025,1
DA:6026,1
DA:6027,1
DA:6028,1
DA:6029,1
DA:6030,1
DA:6031,1
DA:6032,1
DA:6033,1
DA:6034,1
DA:6035,1
DA:6036,1
DA:6037,1
DA:6038,1
DA:6039,1
DA:6040,1
DA:6041,1
DA:6042,1
DA:6043,0
DA:6044,0
DA:6045,0
DA:6046,0
DA:6047,0
DA:6048,0
DA:6049,0
DA:6050,0
DA:6051,0
DA:6052,0
DA:6053,0
DA:6054,0
DA:6055,0
DA:6056,0
DA:6057,0
DA:6058,0
DA:6059,0
DA:6060,0
DA:6061,0
DA:6062,0
DA:6063,0
DA:6064,0
DA:6065,0
DA:6066,0
DA:6067,0
DA:6068,0
DA:6069,0
DA:6070,0
DA:6071,0
DA:6072,0
DA:6073,0
DA:6074,0
DA:6075,0
DA:6076,0
DA:6077,0
DA:6078,0
DA:6079,0
DA:6080,0
DA:6081,0
DA:6082,0
DA:6083,0
DA:6084,0
DA:6085,0
DA:6086,0
DA:6087,0
DA:6088,0
DA:6089,0
DA:6090,0
DA:6091,0
DA:6092,0
DA:6093,1
DA:6094,1
DA:6095,1
DA:6096,1
DA:6097,1
DA:6098,1
DA:6099,1
DA:6100,1
DA:6101,1
DA:6102,1
DA:6103,1
DA:6104,1
DA:6105,1
DA:6106,0
DA:6107,0
DA:6108,1
DA:6109,0
DA:6110,0
DA:6111,0
DA:6112,0
DA:6113,0
DA:6114,1
DA:6115,0
DA:6116,0
DA:6117,0
DA:6118,0
DA:6119,0
DA:6120,1
DA:6121,1
DA:6122,0
DA:6123,1
DA:6124,1
DA:6125,1
DA:6126,1
DA:6127,1
DA:6128,1
DA:6129,1
DA:6130,1
DA:6131,1
DA:6132,1
DA:6133,1
DA:6134,1
DA:6135,1
DA:6136,1
DA:6137,1
DA:6138,0
DA:6139,0
DA:6140,0
DA:6141,0
DA:6142,0
DA:6143,0
DA:6144,0
DA:6145,0
DA:6146,0
DA:6147,0
DA:6148,0
DA:6149,0
DA:6150,0
DA:6151,0
DA:6152,0
DA:6153,0
DA:6154,0
DA:6155,0
DA:6156,0
DA:6157,0
DA:6158,0
DA:6159,0
DA:6160,0
DA:6161,0
DA:6162,0
DA:6163,1
DA:6164,1
DA:6165,0
DA:6166,0
DA:6167,0
DA:6168,0
DA:6169,0
DA:6170,0
DA:6171,0
DA:6172,0
DA:6173,0
DA:6174,0
DA:6175,0
DA:6176,0
DA:6177,0
DA:6178,0
DA:6179,0
DA:6180,0
DA:6181,0
DA:6182,0
DA:6183,0
DA:6184,0
DA:6185,0
DA:6186,0
DA:6187,0
DA:6188,0
DA:6189,0
DA:6190,0
DA:6191,0
DA:6192,0
DA:6193,0
DA:6194,0
DA:6195,0
DA:6196,0
DA:6197,0
DA:6198,0
DA:6199,1
DA:6200,1
DA:6201,1
DA:6202,1
DA:6203,1
DA:6204,0
DA:6205,0
DA:6206,1
DA:6207,0
DA:6208,0
DA:6209,0
DA:6210,0
DA:6211,0
DA:6212,1
DA:6213,0
DA:6214,0
DA:6215,0
DA:6216,0
DA:6217,1
DA:6218,0
DA:6219,0
DA:6220,0
DA:6221,0
DA:6222,1
DA:6223,1
DA:6224,1
DA:6225,1
DA:6226,1
DA:6227,1
DA:6228,1
DA:6229,1
DA:6230,1
DA:6231,1
DA:6232,1
DA:6233,1
DA:6234,1
DA:6235,1
DA:6236,1
DA:6237,1
DA:6238,1
DA:6239,1
DA:6240,1
DA:6241,1
DA:6242,1
DA:6243,1
DA:6244,1
DA:6245,1
DA:6246,1
DA:6247,1
DA:6248,1
DA:6249,1
DA:6250,1
DA:6251,0
DA:6252,0
DA:6253,0
DA:6254,0
DA:6255,0
DA:6256,0
DA:6257,0
DA:6258,0
DA:6259,0
DA:6260,0
DA:6261,0
DA:6262,0
DA:6263,0
DA:6264,0
DA:6265,0
DA:6266,0
DA:6267,0
DA:6268,0
DA:6269,0
DA:6270,0
DA:6271,0
DA:6272,0
DA:6273,0
DA:6274,0
DA:6275,1
DA:6276,0
DA:6277,0
DA:6278,0
DA:6279,0
DA:6280,0
DA:6281,0
DA:6282,0
DA:6283,0
DA:6284,0
DA:6285,0
DA:6286,0
DA:6287,0
DA:6288,0
DA:6289,0
DA:6290,0
DA:6291,0
DA:6292,0
DA:6293,1
DA:6294,0
DA:6295,0
DA:6296,0
DA:6297,0
DA:6298,0
DA:6299,1
DA:6300,1
DA:6301,1
DA:6302,1
DA:6303,1
DA:6304,1
DA:6305,1
DA:6306,0
DA:6307,0
DA:6308,0
DA:6309,0
DA:6310,0
DA:6311,0
DA:6312,0
DA:6313,0
DA:6314,0
DA:6315,0
DA:6316,0
DA:6317,0
DA:6318,0
DA:6319,0
DA:6320,0
DA:6321,0
DA:6322,0
DA:6323,0
DA:6324,0
DA:6325,0
DA:6326,0
DA:6327,1
DA:6328,1
DA:6329,0
DA:6330,0
DA:6331,0
DA:6332,0
DA:6333,1
DA:6334,1
DA:6335,1
DA:6336,1
DA:6337,0
DA:6338,0
DA:6339,0
DA:6340,0
DA:6341,0
DA:6342,0
DA:6343,1
DA:6344,0
DA:6345,1
DA:6346,0
DA:6347,0
DA:6348,0
DA:6349,0
DA:6350,0
DA:6351,0
DA:6352,0
DA:6353,0
DA:6354,0
DA:6355,0
DA:6356,0
DA:6357,0
DA:6358,0
DA:6359,0
DA:6360,0
DA:6361,0
DA:6362,0
DA:6363,0
DA:6364,0
DA:6365,0
DA:6366,0
DA:6367,0
DA:6368,0
DA:6369,0
DA:6370,0
DA:6371,0
DA:6372,1
DA:6373,0
DA:6374,0
DA:6375,0
DA:6376,0
DA:6377,0
DA:6378,0
DA:6379,0
DA:6380,0
DA:6381,0
DA:6382,0
DA:6383,0
DA:6384,1
DA:6385,0
DA:6386,0
DA:6387,0
DA:6388,0
DA:6389,0
DA:6390,0
DA:6391,0
DA:6392,0
DA:6393,0
DA:6394,0
DA:6395,0
DA:6396,0
DA:6397,0
DA:6398,0
DA:6399,0
DA:6400,0
DA:6401,0
DA:6402,1
DA:6403,0
DA:6404,0
DA:6405,0
DA:6406,0
DA:6407,0
DA:6408,0
DA:6409,0
DA:6410,0
DA:6411,0
DA:6412,0
DA:6413,0
DA:6414,0
DA:6415,0
DA:6416,0
DA:6417,1
DA:6418,1
DA:6419,1
DA:6420,0
DA:6421,0
DA:6422,0
DA:6423,1
DA:6424,1
DA:6425,1
DA:6426,1
DA:6427,1
DA:6428,1
DA:6429,1
DA:6430,1
DA:6431,1
DA:6432,1
DA:6433,1
DA:6434,1
DA:6435,1
DA:6436,1
DA:6437,1
DA:6438,1
DA:6439,1
DA:6440,1
DA:6441,1
DA:6442,1
DA:6443,1
DA:6444,1
DA:6445,1
DA:6446,1
DA:6447,1
DA:6448,0
DA:6449,0
DA:6450,1
DA:6451,0
DA:6452,0
DA:6453,0
DA:6454,0
DA:6455,0
DA:6456,0
DA:6457,1
DA:6458,0
DA:6459,0
DA:6460,0
DA:6461,0
DA:6462,1
DA:6463,0
DA:6464,0
DA:6465,0
DA:6466,0
DA:6467,1
DA:6468,1
DA:6469,1
DA:6470,1
DA:6471,1
DA:6472,1
DA:6473,0
DA:6474,1
DA:6475,1
DA:6476,1
DA:6477,1
DA:6478,1
DA:6479,1
DA:6480,1
DA:6481,1
DA:6482,1
DA:6483,1
DA:6484,1
DA:6485,1
DA:6486,1
DA:6487,1
DA:6488,1
DA:6489,0
DA:6490,0
DA:6491,0
DA:6492,0
DA:6493,0
DA:6494,0
DA:6495,1
DA:6496,1
DA:6497,1
DA:6498,1
DA:6499,1
DA:6500,1
DA:6501,1
DA:6502,1
DA:6503,1
DA:6504,1
DA:6505,0
DA:6506,0
DA:6507,0
DA:6508,0
DA:6509,0
DA:6510,0
DA:6511,0
DA:6512,0
DA:6513,1
DA:6514,1
DA:6515,0
DA:6516,0
DA:6517,1
DA:6518,1
DA:6519,0
DA:6520,0
DA:6521,1
DA:6522,1
DA:6523,0
DA:6524,0
DA:6525,1
DA:6526,1
DA:6527,0
DA:6528,0
DA:6529,0
DA:6530,0
DA:6531,0
DA:6532,0
DA:6533,0
DA:6534,1
DA:6535,1
DA:6536,1
DA:6537,0
DA:6538,0
DA:6539,0
DA:6540,1
DA:6541,1
DA:6542,1
DA:6543,0
DA:6544,0
DA:6545,0
DA:6546,0
DA:6547,0
DA:6548,0
DA:6549,1
DA:6550,1
DA:6551,0
DA:6552,1
DA:6553,1
DA:6554,1
DA:6555,1
DA:6556,1
DA:6557,1
DA:6558,1
DA:6559,1
DA:6560,1
DA:6561,1
DA:6562,1
DA:6563,1
DA:6564,1
DA:6565,1
DA:6566,1
DA:6567,1
DA:6568,0
DA:6569,0
DA:6570,0
DA:6571,0
DA:6572,0
DA:6573,0
DA:6574,0
DA:6575,0
DA:6576,0
DA:6577,0
DA:6578,0
DA:6579,0
DA:6580,0
DA:6581,0
DA:6582,0
DA:6583,1
DA:6584,1
DA:6585,1
DA:6586,1
DA:6587,1
DA:6588,1
DA:6589,1
DA:6590,1
DA:6591,1
DA:6592,1
DA:6593,1
DA:6594,1
DA:6595,1
DA:6596,1
DA:6597,1
DA:6598,1
DA:6599,1
DA:6600,1
DA:6601,1
DA:6602,1
DA:6603,1
DA:6604,1
DA:6605,1
DA:6606,1
DA:6607,1
DA:6608,1
DA:6609,1
DA:6610,1
DA:6611,1
DA:6612,1
DA:6613,1
DA:6614,1
DA:6615,1
DA:6616,1
DA:6617,1
DA:6618,1
DA:6619,1
DA:6620,1
DA:6621,1
DA:6622,1
DA:6623,1
DA:6624,1
DA:6625,1
DA:6626,1
DA:6627,1
DA:6628,1
DA:6629,1
DA:6630,1
DA:6631,1
DA:6632,1
DA:6633,0
DA:6634,0
DA:6635,0
DA:6636,1
DA:6637,1
DA:6638,1
DA:6639,1
DA:6640,1
DA:6641,1
DA:6642,1
DA:6643,1
DA:6644,1
DA:6645,1
DA:6646,1
DA:6647,1
DA:6648,1
DA:6649,1
DA:6650,1
DA:6651,1
DA:6652,1
DA:6653,1
DA:6654,1
DA:6655,1
DA:6656,1
DA:6657,1
DA:6658,1
DA:6659,1
DA:6660,1
DA:6661,1
DA:6662,1
DA:6663,1
DA:6664,1
DA:6665,1
DA:6666,1
DA:6667,1
DA:6668,1
DA:6669,1
DA:6670,1
DA:6671,0
DA:6672,0
DA:6673,0
DA:6674,1
DA:6675,1
DA:6676,1
DA:6677,1
DA:6678,1
DA:6679,1
DA:6680,1
DA:6681,1
DA:6682,1
DA:6683,1
DA:6684,1
DA:6685,1
DA:6686,1
DA:6687,1
DA:6688,1
DA:6689,1
DA:6690,1
DA:6691,1
DA:6692,1
DA:6693,1
DA:6694,1
DA:6695,1
DA:6696,1
DA:6697,1
DA:6698,1
DA:6699,1
DA:6700,1
DA:6701,1
DA:6702,1
DA:6703,1
DA:6704,1
DA:6705,1
DA:6706,1
DA:6707,1
DA:6708,1
DA:6709,1
DA:6710,1
DA:6711,1
DA:6712,1
DA:6713,1
DA:6714,1
DA:6715,1
DA:6716,1
DA:6717,1
DA:6718,1
DA:6719,1
DA:6720,1
DA:6721,1
DA:6722,1
DA:6723,1
DA:6724,1
DA:6725,1
DA:6726,1
DA:6727,1
DA:6728,1
DA:6729,1
DA:6730,1
DA:6731,1
DA:6732,1
DA:6733,1
DA:6734,1
DA:6735,1
DA:6736,1
DA:6737,1
DA:6738,1
DA:6739,1
DA:6740,1
DA:6741,0
DA:6742,1
DA:6743,1
DA:6744,0
DA:6745,0
DA:6746,0
DA:6747,0
DA:6748,0
DA:6749,0
DA:6750,0
DA:6751,0
DA:6752,0
DA:6753,0
DA:6754,1
DA:6755,1
DA:6756,1
DA:6757,1
DA:6758,1
DA:6759,0
DA:6760,0
DA:6761,0
DA:6762,0
DA:6763,0
DA:6764,0
DA:6765,0
DA:6766,0
DA:6767,0
DA:6768,1
DA:6769,1
DA:6770,1
DA:6771,1
DA:6772,1
DA:6773,1
DA:6774,1
DA:6775,1
DA:6776,1
DA:6777,1
DA:6778,1
DA:6779,1
DA:6780,1
DA:6781,1
DA:6782,1
DA:6783,1
DA:6784,1
DA:6785,1
DA:6786,1
DA:6787,1
DA:6788,1
DA:6789,1
DA:6790,1
DA:6791,1
DA:6792,1
DA:6793,1
DA:6794,1
DA:6795,1
DA:6796,1
DA:6797,1
DA:6798,0
DA:6799,0
DA:6800,0
DA:6801,1
DA:6802,1
DA:6803,1
DA:6804,1
DA:6805,1
DA:6806,1
DA:6807,1
DA:6808,1
DA:6809,1
DA:6810,0
DA:6811,0
DA:6812,0
DA:6813,0
DA:6814,0
DA:6815,0
DA:6816,0
DA:6817,0
DA:6818,0
DA:6819,0
DA:6820,0
DA:6821,0
DA:6822,0
DA:6823,0
DA:6824,0
DA:6825,0
DA:6826,0
DA:6827,0
DA:6828,1
DA:6829,1
DA:6830,1
DA:6831,1
DA:6832,1
DA:6833,1
DA:6834,1
DA:6835,1
DA:6836,1
DA:6837,1
DA:6838,1
DA:6839,1
DA:6840,1
DA:6841,0
DA:6842,1
DA:6843,1
DA:6844,1
DA:6845,1
DA:6846,1
DA:6847,1
DA:6848,1
DA:6849,1
DA:6850,1
DA:6851,1
DA:6852,1
DA:6853,0
DA:6854,0
DA:6855,0
DA:6856,1
DA:6857,1
DA:6858,1
DA:6859,0
DA:6860,0
DA:6861,0
DA:6862,1
DA:6863,1
DA:6864,1
DA:6865,1
DA:6866,1
DA:6867,1
DA:6868,0
DA:6869,0
DA:6870,0
DA:6871,0
DA:6872,0
DA:6873,0
DA:6874,0
DA:6875,1
DA:6876,1
DA:6877,1
DA:6878,1
DA:6879,1
DA:6880,1
DA:6881,1
DA:6882,1
DA:6883,1
DA:6884,1
DA:6885,1
DA:6886,0
DA:6887,0
DA:6888,0
DA:6889,0
DA:6890,0
DA:6891,0
DA:6892,0
DA:6893,0
DA:6894,0
DA:6895,1
DA:6896,1
DA:6897,1
DA:6898,1
DA:6899,0
DA:6900,1
DA:6901,0
DA:6902,1
DA:6903,1
DA:6904,0
DA:6905,0
DA:6906,1
DA:6907,1
DA:6908,1
DA:6909,1
DA:6910,1
DA:6911,1
DA:6912,1
DA:6913,0
DA:6914,0
DA:6915,0
DA:6916,0
DA:6917,0
DA:6918,0
DA:6919,0
DA:6920,0
DA:6921,0
DA:6922,0
DA:6923,0
DA:6924,0
DA:6925,0
DA:6926,0
DA:6927,0
DA:6928,1
DA:6929,0
DA:6930,0
DA:6931,0
DA:6932,1
DA:6933,0
DA:6934,0
DA:6935,0
DA:6936,0
DA:6937,1
DA:6938,1
DA:6939,1
DA:6940,1
DA:6941,1
DA:6942,1
DA:6943,1
DA:6944,0
DA:6945,0
DA:6946,0
DA:6947,1
DA:6948,1
DA:6949,1
DA:6950,1
DA:6951,1
DA:6952,0
DA:6953,0
DA:6954,0
DA:6955,0
DA:6956,0
DA:6957,1
DA:6958,0
DA:6959,0
DA:6960,0
DA:6961,0
DA:6962,0
DA:6963,1
DA:6964,1
DA:6965,1
DA:6966,1
DA:6967,1
DA:6968,1
DA:6969,1
DA:6970,1
DA:6971,1
DA:6972,0
DA:6973,0
DA:6974,0
DA:6975,1
DA:6976,1
DA:6977,1
DA:6978,1
DA:6979,1
DA:6980,1
DA:6981,1
DA:6982,1
DA:6983,1
DA:6984,1
DA:6985,1
DA:6986,1
DA:6987,1
DA:6988,1
DA:6989,1
DA:6990,1
DA:6991,1
DA:6992,1
DA:6993,1
DA:6994,1
DA:6995,1
DA:6996,1
DA:6997,1
DA:6998,1
DA:6999,1
DA:7000,1
DA:7001,1
DA:7002,1
DA:7003,1
DA:7004,1
DA:7005,1
DA:7006,1
DA:7007,1
DA:7008,1
DA:7009,1
DA:7010,1
DA:7011,1
DA:7012,1
DA:7013,0
DA:7014,0
DA:7015,0
DA:7016,0
DA:7017,0
DA:7018,0
DA:7019,1
DA:7020,1
DA:7021,1
DA:7022,1
DA:7023,1
DA:7024,1
DA:7025,1
DA:7026,1
DA:7027,1
DA:7028,1
DA:7029,1
DA:7030,1
DA:7031,1
DA:7032,1
DA:7033,1
DA:7034,1
DA:7035,1
DA:7036,1
DA:7037,1
DA:7038,1
DA:7039,1
DA:7040,1
DA:7041,1
DA:7042,1
DA:7043,1
DA:7044,1
DA:7045,1
DA:7046,1
DA:7047,1
DA:7048,1
DA:7049,1
DA:7050,0
DA:7051,0
DA:7052,0
DA:7053,0
DA:7054,0
DA:7055,0
DA:7056,0
DA:7057,0
DA:7058,0
DA:7059,1
DA:7060,1
DA:7061,1
DA:7062,1
DA:7063,1
DA:7064,1
DA:7065,1
DA:7066,1
DA:7067,1
DA:7068,1
DA:7069,1
DA:7070,1
DA:7071,1
DA:7072,1
DA:7073,1
DA:7074,1
DA:7075,1
DA:7076,1
DA:7077,1
DA:7078,1
DA:7079,1
DA:7080,1
DA:7081,0
DA:7082,0
DA:7083,0
DA:7084,1
DA:7085,0
DA:7086,0
DA:7087,0
DA:7088,0
DA:7089,0
DA:7090,0
DA:7091,0
DA:7092,0
DA:7093,0
DA:7094,0
DA:7095,0
DA:7096,0
DA:7097,0
DA:7098,0
DA:7099,0
DA:7100,0
DA:7101,0
DA:7102,0
DA:7103,0
DA:7104,0
DA:7105,0
DA:7106,0
DA:7107,0
DA:7108,0
DA:7109,0
DA:7110,0
DA:7111,0
DA:7112,0
DA:7113,0
DA:7114,0
DA:7115,0
DA:7116,0
DA:7117,0
DA:7118,0
DA:7119,0
DA:7120,0
DA:7121,0
DA:7122,0
DA:7123,0
DA:7124,0
DA:7125,0
DA:7126,0
DA:7127,0
DA:7128,0
DA:7129,0
DA:7130,1
DA:7131,1
DA:7132,1
DA:7133,1
DA:7134,0
DA:7135,0
DA:7136,0
DA:7137,0
DA:7138,0
DA:7139,0
DA:7140,0
DA:7141,0
DA:7142,0
DA:7143,0
DA:7144,0
DA:7145,0
DA:7146,0
DA:7147,0
DA:7148,1
DA:7149,1
DA:7150,1
DA:7151,1
DA:7152,1
DA:7153,0
DA:7154,0
DA:7155,0
DA:7156,1
DA:7157,1
DA:7158,1
DA:7159,1
DA:7160,1
DA:7161,1
DA:7162,1
DA:7163,1
DA:7164,1
DA:7165,1
DA:7166,1
DA:7167,1
DA:7168,1
DA:7169,1
DA:7170,0
DA:7171,0
DA:7172,0
DA:7173,0
DA:7174,0
DA:7175,0
DA:7176,0
DA:7177,0
DA:7178,0
DA:7179,0
DA:7180,0
DA:7181,0
DA:7182,0
DA:7183,0
DA:7184,0
DA:7185,0
DA:7186,0
DA:7187,0
DA:7188,0
DA:7189,0
DA:7190,0
DA:7191,0
DA:7192,0
DA:7193,1
DA:7194,1
DA:7195,1
DA:7196,0
DA:7197,0
DA:7198,0
DA:7199,1
DA:7200,1
DA:7201,1
DA:7202,1
DA:7203,0
DA:7204,0
DA:7205,0
DA:7206,0
DA:7207,0
DA:7208,1
DA:7209,1
DA:7210,1
DA:7211,1
DA:7212,1
DA:7213,1
DA:7214,1
DA:7215,1
DA:7216,1
DA:7217,1
DA:7218,1
DA:7219,1
DA:7220,1
DA:7221,1
DA:7222,1
DA:7223,1
DA:7224,1
DA:7225,1
DA:7226,1
DA:7227,1
DA:7228,1
DA:7229,0
DA:7230,0
DA:7231,0
DA:7232,0
DA:7233,1
DA:7234,1
DA:7235,0
DA:7236,1
DA:7237,1
DA:7238,1
DA:7239,1
DA:7240,1
DA:7241,1
DA:7242,1
DA:7243,0
DA:7244,0
DA:7245,0
DA:7246,0
DA:7247,0
DA:7248,1
DA:7249,1
DA:7250,1
DA:7251,1
DA:7252,1
DA:7253,1
DA:7254,0
DA:7255,0
DA:7256,0
DA:7257,0
DA:7258,0
DA:7259,1
DA:7260,1
DA:7261,1
DA:7262,1
DA:7263,1
DA:7264,1
DA:7265,1
DA:7266,1
DA:7267,1
DA:7268,1
DA:7269,1
DA:7270,1
DA:7271,0
DA:7272,1
DA:7273,1
DA:7274,1
DA:7275,1
DA:7276,1
DA:7277,1
DA:7278,1
DA:7279,1
DA:7280,1
DA:7281,1
DA:7282,1
DA:7283,1
DA:7284,1
DA:7285,0
DA:7286,0
DA:7287,0
DA:7288,1
DA:7289,1
DA:7290,1
DA:7291,1
DA:7292,1
DA:7293,1
DA:7294,1
DA:7295,1
DA:7296,1
DA:7297,1
DA:7298,1
DA:7299,1
DA:7300,1
DA:7301,1
DA:7302,1
DA:7303,1
DA:7304,1
DA:7305,1
DA:7306,1
DA:7307,0
DA:7308,0
DA:7309,0
DA:7310,0
DA:7311,1
DA:7312,1
DA:7313,1
DA:7314,1
DA:7315,1
DA:7316,1
DA:7317,1
DA:7318,1
DA:7319,0
DA:7320,0
DA:7321,1
DA:7322,1
DA:7323,1
DA:7324,1
DA:7325,1
DA:7326,1
DA:7327,1
DA:7328,1
DA:7329,1
DA:7330,1
DA:7331,1
DA:7332,1
DA:7333,1
DA:7334,1
DA:7335,1
DA:7336,1
DA:7337,1
DA:7338,1
DA:7339,1
DA:7340,1
DA:7341,1
DA:7342,1
DA:7343,1
DA:7344,1
DA:7345,1
DA:7346,1
DA:7347,1
DA:7348,1
DA:7349,1
DA:7350,1
DA:7351,1
DA:7352,1
DA:7353,1
DA:7354,1
DA:7355,1
DA:7356,1
DA:7357,1
DA:7358,1
DA:7359,1
DA:7360,1
DA:7361,1
DA:7362,1
DA:7363,1
DA:7364,0
DA:7365,0
DA:7366,0
DA:7367,1
DA:7368,1
DA:7369,1
DA:7370,1
DA:7371,1
DA:7372,1
DA:7373,1
DA:7374,1
DA:7375,1
DA:7376,1
DA:7377,1
DA:7378,1
DA:7379,1
DA:7380,1
DA:7381,1
DA:7382,1
DA:7383,1
DA:7384,1
DA:7385,0
DA:7386,0
DA:7387,0
DA:7388,0
DA:7389,0
DA:7390,0
DA:7391,0
DA:7392,1
DA:7393,1
DA:7394,1
DA:7395,1
DA:7396,1
DA:7397,1
DA:7398,1
DA:7399,1
DA:7400,1
DA:7401,1
DA:7402,1
DA:7403,1
DA:7404,1
DA:7405,1
DA:7406,1
DA:7407,1
DA:7408,1
DA:7409,1
DA:7410,1
DA:7411,1
DA:7412,1
DA:7413,1
DA:7414,1
DA:7415,1
DA:7416,1
DA:7417,0
DA:7418,0
DA:7419,0
DA:7420,0
DA:7421,0
DA:7422,1
DA:7423,1
DA:7424,1
DA:7425,1
DA:7426,1
DA:7427,0
DA:7428,0
DA:7429,0
DA:7430,0
DA:7431,0
DA:7432,0
DA:7433,0
DA:7434,0
DA:7435,0
DA:7436,0
DA:7437,0
DA:7438,0
DA:7439,0
DA:7440,0
DA:7441,0
DA:7442,1
DA:7443,1
DA:7444,1
DA:7445,1
DA:7446,1
DA:7447,1
DA:7448,1
DA:7449,1
DA:7450,1
DA:7451,1
DA:7452,1
DA:7453,1
DA:7454,1
DA:7455,1
DA:7456,1
DA:7457,1
DA:7458,1
DA:7459,1
DA:7460,0
DA:7461,0
DA:7462,0
DA:7463,0
DA:7464,0
DA:7465,0
DA:7466,0
DA:7467,0
DA:7468,0
DA:7469,1
DA:7470,1
DA:7471,1
DA:7472,1
DA:7473,1
DA:7474,1
DA:7475,1
DA:7476,1
DA:7477,1
DA:7478,1
DA:7479,1
DA:7480,1
DA:7481,1
DA:7482,1
DA:7483,1
DA:7484,1
DA:7485,1
DA:7486,1
DA:7487,1
DA:7488,1
DA:7489,1
DA:7490,1
DA:7491,0
DA:7492,1
DA:7493,1
DA:7494,0
DA:7495,0
DA:7496,0
DA:7497,0
DA:7498,0
DA:7499,1
DA:7500,1
DA:7501,1
DA:7502,1
DA:7503,1
DA:7504,1
DA:7505,1
DA:7506,1
DA:7507,1
DA:7508,1
DA:7509,1
DA:7510,1
DA:7511,1
DA:7512,1
DA:7513,1
DA:7514,1
DA:7515,1
DA:7516,1
DA:7517,1
DA:7518,1
DA:7519,1
DA:7520,0
DA:7521,0
DA:7522,0
DA:7523,1
DA:7524,1
DA:7525,1
DA:7526,1
DA:7527,1
DA:7528,1
DA:7529,1
DA:7530,0
DA:7531,0
DA:7532,1
DA:7533,1
DA:7534,1
DA:7535,1
DA:7536,1
DA:7537,1
DA:7538,1
DA:7539,1
DA:7540,1
DA:7541,1
DA:7542,1
DA:7543,1
DA:7544,1
DA:7545,1
DA:7546,1
DA:7547,1
DA:7548,1
DA:7549,1
DA:7550,1
DA:7551,1
DA:7552,1
DA:7553,1
DA:7554,0
DA:7555,0
DA:7556,0
DA:7557,1
DA:7558,1
DA:7559,1
DA:7560,1
DA:7561,1
DA:7562,1
DA:7563,1
DA:7564,1
DA:7565,1
DA:7566,1
DA:7567,1
DA:7568,1
DA:7569,1
DA:7570,1
DA:7571,1
DA:7572,1
DA:7573,1
DA:7574,1
DA:7575,1
DA:7576,1
DA:7577,1
DA:7578,1
DA:7579,1
DA:7580,1
DA:7581,1
DA:7582,1
DA:7583,1
DA:7584,1
DA:7585,1
DA:7586,1
DA:7587,1
DA:7588,1
DA:7589,0
DA:7590,0
DA:7591,0
DA:7592,0
DA:7593,0
DA:7594,0
DA:7595,0
DA:7596,0
DA:7597,1
DA:7598,1
DA:7599,1
DA:7600,1
DA:7601,1
DA:7602,1
DA:7603,1
DA:7604,1
DA:7605,1
DA:7606,1
DA:7607,1
DA:7608,1
DA:7609,0
DA:7610,0
DA:7611,0
DA:7612,0
DA:7613,0
DA:7614,0
DA:7615,1
DA:7616,1
DA:7617,1
DA:7618,1
DA:7619,1
DA:7620,1
DA:7621,1
DA:7622,1
DA:7623,1
DA:7624,1
DA:7625,1
DA:7626,1
DA:7627,1
DA:7628,1
DA:7629,1
DA:7630,1
DA:7631,1
DA:7632,1
DA:7633,1
DA:7634,1
DA:7635,1
DA:7636,1
DA:7637,1
DA:7638,0
DA:7639,0
DA:7640,0
DA:7641,0
DA:7642,0
DA:7643,0
DA:7644,0
DA:7645,0
DA:7646,0
DA:7647,1
DA:7648,1
DA:7649,1
DA:7650,0
DA:7651,0
DA:7652,0
DA:7653,0
DA:7654,0
DA:7655,0
DA:7656,0
DA:7657,0
DA:7658,0
DA:7659,0
DA:7660,0
DA:7661,0
DA:7662,1
DA:7663,1
DA:7664,1
DA:7665,1
DA:7666,1
DA:7667,0
DA:7668,0
DA:7669,0
DA:7670,0
DA:7671,0
DA:7672,0
DA:7673,0
DA:7674,0
DA:7675,0
DA:7676,0
DA:7677,0
DA:7678,0
DA:7679,0
DA:7680,0
DA:7681,0
DA:7682,0
DA:7683,0
DA:7684,0
DA:7685,0
DA:7686,0
DA:7687,1
DA:7688,1
DA:7689,1
DA:7690,1
DA:7691,1
DA:7692,0
DA:7693,0
DA:7694,0
DA:7695,1
DA:7696,1
DA:7697,1
DA:7698,1
DA:7699,0
DA:7700,0
DA:7701,0
DA:7702,1
DA:7703,1
DA:7704,1
DA:7705,1
DA:7706,1
DA:7707,1
DA:7708,1
DA:7709,1
DA:7710,1
DA:7711,1
DA:7712,1
DA:7713,1
DA:7714,1
DA:7715,1
DA:7716,1
DA:7717,1
DA:7718,1
DA:7719,0
DA:7720,0
DA:7721,0
DA:7722,0
DA:7723,1
DA:7724,1
DA:7725,1
DA:7726,1
DA:7727,1
DA:7728,1
DA:7729,1
DA:7730,1
DA:7731,1
DA:7732,0
DA:7733,0
DA:7734,0
DA:7735,0
DA:7736,1
DA:7737,1
DA:7738,1
DA:7739,1
DA:7740,1
DA:7741,1
DA:7742,1
DA:7743,1
DA:7744,1
DA:7745,1
DA:7746,1
DA:7747,0
DA:7748,0
DA:7749,0
DA:7750,0
DA:7751,0
DA:7752,0
DA:7753,1
DA:7754,0
DA:7755,0
DA:7756,0
DA:7757,0
DA:7758,0
DA:7759,0
DA:7760,0
DA:7761,0
DA:7762,0
DA:7763,0
DA:7764,0
DA:7765,0
DA:7766,0
DA:7767,0
DA:7768,0
DA:7769,0
DA:7770,0
DA:7771,0
DA:7772,0
DA:7773,0
DA:7774,0
DA:7775,0
DA:7776,0
DA:7777,0
DA:7778,1
DA:7779,1
DA:7780,1
DA:7781,1
DA:7782,1
DA:7783,1
DA:7784,1
DA:7785,1
DA:7786,1
DA:7787,1
DA:7788,1
DA:7789,1
DA:7790,1
DA:7791,1
DA:7792,0
DA:7793,0
DA:7794,0
DA:7795,0
DA:7796,1
DA:7797,1
DA:7798,1
DA:7799,1
DA:7800,1
DA:7801,1
DA:7802,1
DA:7803,1
DA:7804,1
DA:7805,1
DA:7806,1
DA:7807,1
DA:7808,1
DA:7809,1
DA:7810,1
DA:7811,1
DA:7812,1
DA:7813,0
DA:7814,1
DA:7815,0
DA:7816,1
DA:7817,1
DA:7818,1
DA:7819,1
DA:7820,1
DA:7821,1
DA:7822,1
DA:7823,1
DA:7824,1
DA:7825,1
DA:7826,1
DA:7827,1
DA:7828,1
DA:7829,1
DA:7830,1
DA:7831,1
DA:7832,1
DA:7833,1
DA:7834,1
DA:7835,1
DA:7836,1
DA:7837,1
DA:7838,1
DA:7839,1
DA:7840,1
DA:7841,1
DA:7842,1
DA:7843,1
DA:7844,1
DA:7845,1
DA:7846,1
DA:7847,1
DA:7848,1
DA:7849,1
DA:7850,1
DA:7851,1
DA:7852,1
DA:7853,1
DA:7854,1
DA:7855,1
DA:7856,1
DA:7857,1
DA:7858,1
DA:7859,1
DA:7860,1
DA:7861,1
DA:7862,1
DA:7863,1
DA:7864,1
DA:7865,1
DA:7866,1
DA:7867,1
DA:7868,1
DA:7869,1
DA:7870,1
DA:7871,1
DA:7872,1
DA:7873,1
DA:7874,1
DA:7875,1
DA:7876,1
DA:7877,1
DA:7878,1
DA:7879,1
DA:7880,1
DA:7881,1
DA:7882,1
DA:7883,1
DA:7884,1
DA:7885,1
DA:7886,1
DA:7887,1
DA:7888,1
DA:7889,1
DA:7890,1
DA:7891,1
DA:7892,1
DA:7893,1
DA:7894,1
DA:7895,1
DA:7896,1
DA:7897,1
DA:7898,1
DA:7899,1
DA:7900,1
DA:7901,1
DA:7902,1
DA:7903,1
DA:7904,1
DA:7905,1
DA:7906,1
DA:7907,1
DA:7908,1
DA:7909,1
DA:7910,1
DA:7911,1
DA:7912,1
DA:7913,1
DA:7914,1
[...]
DA:4340,0
DA:4341,0
DA:4342,0
DA:4343,0
DA:4344,2
DA:4345,0
DA:4346,0
DA:4347,0
DA:4348,0
DA:4349,0
DA:4350,0
DA:4351,0
DA:4352,0
DA:4353,0
DA:4354,2
DA:4355,0
DA:4356,0
DA:4357,0
DA:4358,0
DA:4359,0
DA:4360,0
DA:4361,0
DA:4362,0
DA:4363,0
DA:4364,2
DA:4365,2
DA:4366,2
DA:4367,2
DA:4368,2
DA:4369,2
DA:4370,2
DA:4371,2
DA:4372,2
DA:4373,2
DA:4374,2
DA:4375,2
DA:4376,2
DA:4377,2
DA:4378,0
DA:4379,0
DA:4380,0
DA:4381,2
DA:4382,2
DA:4383,2
DA:4384,2
DA:4385,2
DA:4386,2
DA:4387,2
DA:4388,2
DA:4389,2
DA:4390,2
DA:4391,2
DA:4392,1
DA:4393,1
DA:4394,1
DA:4395,2
DA:4396,2
DA:4397,2
DA:4398,2
DA:4399,2
DA:4400,2
DA:4401,2
DA:4402,2
DA:4403,2
DA:4404,2
DA:4405,2
DA:4406,2
DA:4407,1
DA:4408,1
DA:4409,1
DA:4410,1
DA:4411,1
DA:4412,1
DA:4413,1
DA:4414,1
DA:4415,2
DA:4416,2
DA:4417,0
DA:4418,0
DA:4419,0
DA:4420,2
DA:4421,2
DA:4422,2
DA:4423,2
DA:4424,2
DA:4425,2
DA:4426,2
DA:4427,2
DA:4428,0
DA:4429,0
DA:4430,0
DA:4431,0
DA:4432,2
DA:4433,2
DA:4434,2
DA:4435,2
DA:4436,2
DA:4437,2
DA:4438,2
DA:4439,2
DA:4440,2
DA:4441,2
DA:4442,2
DA:4443,2
DA:4444,2
DA:4445,2
DA:4446,2
DA:4447,2
DA:4448,2
DA:4449,2
DA:4450,2
DA:4451,2
DA:4452,2
DA:4453,2
DA:4454,2
DA:4455,2
DA:4456,2
DA:4457,2
DA:4458,2
DA:4459,2
DA:4460,2
DA:4461,2
DA:4462,0
DA:4463,0
DA:4464,0
DA:4465,2
DA:4466,0
DA:4467,0
DA:4468,0
DA:4469,2
DA:4470,2
DA:4471,2
DA:4472,2
DA:4473,2
DA:4474,2
DA:4475,2
DA:4476,2
DA:4477,2
DA:4478,2
DA:4479,2
DA:4480,2
DA:4481,2
DA:4482,2
DA:4483,2
DA:4484,2
DA:4485,2
DA:4486,2
DA:4487,2
DA:4488,2
DA:4489,2
DA:4490,2
DA:4491,2
DA:4492,2
DA:4493,2
DA:4494,2
DA:4495,2
DA:4496,2
DA:4497,2
DA:4498,2
DA:4499,2
DA:4500,2
DA:4501,2
DA:4502,2
DA:4503,2
DA:4504,2
DA:4505,2
DA:4506,2
DA:4507,2
DA:4508,2
DA:4509,2
DA:4510,2
DA:4511,2
DA:4512,2
DA:4513,2
DA:4514,2
DA:4515,2
DA:4516,2
DA:4517,2
DA:4518,2
DA:4519,2
DA:4520,2
DA:4521,2
DA:4522,2
DA:4523,2
DA:4524,2
DA:4525,2
DA:4526,2
DA:4527,2
DA:4528,2
DA:4529,2
DA:4530,2
DA:4531,2
DA:4532,2
DA:4533,2
DA:4534,2
DA:4535,2
DA:4536,2
DA:4537,2
DA:4538,2
DA:4539,2
DA:4540,2
DA:4541,2
DA:4542,2
DA:4543,2
DA:4544,2
DA:4545,2
DA:4546,2
DA:4547,2
DA:4548,2
DA:4549,2
DA:4550,2
DA:4551,2
DA:4552,2
DA:4553,2
DA:4554,2
DA:4555,2
DA:4556,2
DA:4557,2
DA:4558,2
DA:4559,2
DA:4560,2
DA:4561,2
DA:4562,2
DA:4563,2
DA:4564,2
DA:4565,2
DA:4566,2
DA:4567,2
DA:4568,2
DA:4569,2
DA:4570,2
DA:4571,2
DA:4572,2
DA:4573,2
DA:4574,2
DA:4575,2
DA:4576,2
DA:4577,2
DA:4578,2
DA:4579,2
DA:4580,2
DA:4581,2
DA:4582,2
DA:4583,2
DA:4584,2
DA:4585,2
DA:4586,2
DA:4587,2
DA:4588,2
DA:4589,2
DA:4590,2
DA:4591,2
DA:4592,2
DA:4593,2
DA:4594,2
DA:4595,2
DA:4596,2
DA:4597,2
DA:4598,2
DA:4599,2
DA:4600,2
DA:4601,2
DA:4602,2
DA:4603,2
DA:4604,2
DA:4605,2
DA:4606,2
DA:4607,2
DA:4608,2
DA:4609,2
DA:4610,2
DA:4611,2
DA:4612,2
DA:4613,2
DA:4614,2
DA:4615,2
DA:4616,2
DA:4617,2
DA:4618,2
DA:4619,2
DA:4620,2
DA:4621,2
DA:4622,2
DA:4623,2
DA:4624,2
DA:4625,2
DA:4626,2
DA:4627,2
DA:4628,2
DA:4629,2
DA:4630,2
DA:4631,2
DA:4632,2
DA:4633,2
DA:4634,2
DA:4635,2
DA:4636,2
DA:4637,2
DA:4638,2
DA:4639,2
DA:4640,2
DA:4641,2
DA:4642,2
DA:4643,2
DA:4644,2
DA:4645,2
DA:4646,2
DA:4647,2
DA:4648,2
DA:4649,2
DA:4650,2
DA:4651,2
DA:4652,2
DA:4653,2
DA:4654,2
DA:4655,2
DA:4656,2
DA:4657,2
DA:4658,2
DA:4659,2
DA:4660,2
DA:4661,2
DA:4662,2
DA:4663,2
DA:4664,2
DA:4665,2
DA:4666,2
DA:4667,2
DA:4668,2
DA:4669,2
DA:4670,2
DA:4671,2
DA:4672,2
DA:4673,2
DA:4674,2
DA:4675,2
DA:4676,2
DA:4677,2
DA:4678,2
DA:4679,2
DA:4680,2
DA:4681,2
DA:4682,2
DA:4683,2
DA:4684,2
DA:4685,2
DA:4686,2
DA:4687,2
DA:4688,2
DA:4689,2
DA:4690,2
DA:4691,2
DA:4692,2
DA:4693,2
DA:4694,2
DA:4695,2
DA:4696,2
DA:4697,2
DA:4698,2
DA:4699,2
DA:4700,2
DA:4701,2
DA:4702,2
DA:4703,2
DA:4704,2
DA:4705,2
DA:4706,2
DA:4707,2
DA:4708,2
DA:4709,2
DA:4710,2
DA:4711,2
DA:4712,2
DA:4713,2
DA:4714,2
DA:4715,2
DA:4716,2
DA:4717,2
DA:4718,2
DA:4719,2
DA:4720,2
DA:4721,2
DA:4722,2
DA:4723,2
DA:4724,1
DA:4725,2
DA:4726,2
DA:4727,2
DA:4728,2
DA:4729,2
DA:4730,2
DA:4731,2
DA:4732,2
DA:4733,2
DA:4734,0
DA:4735,0
DA:4736,0
DA:4737,0
DA:4738,0
DA:4739,0
DA:4740,0
DA:4741,0
DA:4742,0
DA:4743,0
DA:4744,0
DA:4745,2
DA:4746,2
DA:4747,2
DA:4748,2
DA:4749,2
DA:4750,2
DA:4751,2
DA:4752,2
DA:4753,2
DA:4754,2
DA:4755,2
DA:4756,2
DA:4757,2
DA:4758,2
DA:4759,2
DA:4760,2
DA:4761,2
DA:4762,2
DA:4763,2
DA:4764,2
DA:4765,2
DA:4766,2
DA:4767,2
DA:4768,2
DA:4769,2
DA:4770,2
DA:4771,2
DA:4772,2
DA:4773,2
DA:4774,2
DA:4775,2
DA:4776,2
DA:4777,2
DA:4778,2
DA:4779,2
DA:4780,2
DA:4781,2
DA:4782,2
DA:4783,2
DA:4784,2
DA:4785,2
DA:4786,2
DA:4787,2
DA:4788,2
DA:4789,2
DA:4790,2
DA:4791,2
DA:4792,2
DA:4793,0
DA:4794,0
DA:4795,0
DA:4796,2
DA:4797,2
DA:4798,2
DA:4799,2
DA:4800,0
DA:4801,0
DA:4802,0
DA:4803,2
DA:4804,0
DA:4805,0
DA:4806,0
DA:4807,0
DA:4808,0
DA:4809,0
DA:4810,0
DA:4811,0
DA:4812,0
DA:4813,0
DA:4814,2
DA:4815,2
DA:4816,2
DA:4817,2
DA:4818,2
DA:4819,2
DA:4820,0
DA:4821,0
DA:4822,0
DA:4823,2
DA:4824,2
DA:4825,2
DA:4826,2
DA:4827,2
DA:4828,0
DA:4829,0
DA:4830,0
DA:4831,2
DA:4832,0
DA:4833,0
DA:4834,0
DA:4835,0
DA:4836,0
DA:4837,0
DA:4838,2
DA:4839,2
DA:4840,2
DA:4841,0
DA:4842,0
DA:4843,0
DA:4844,0
DA:4845,0
DA:4846,0
DA:4847,0
DA:4848,2
DA:4849,2
DA:4850,2
DA:4851,2
DA:4852,2
DA:4853,2
DA:4854,2
DA:4855,2
DA:4856,2
DA:4857,2
DA:4858,0
DA:4859,0
DA:4860,0
DA:4861,0
DA:4862,0
DA:4863,0
DA:4864,0
DA:4865,0
DA:4866,0
DA:4867,0
DA:4868,0
DA:4869,2
DA:4870,2
DA:4871,1
DA:4872,1
DA:4873,1
DA:4874,1
DA:4875,0
DA:4876,0
DA:4877,0
DA:4878,0
DA:4879,0
DA:4880,0
DA:4881,0
DA:4882,0
DA:4883,0
DA:4884,0
DA:4885,0
DA:4886,0
DA:4887,0
DA:4888,0
DA:4889,0
DA:4890,2
DA:4891,2
DA:4892,2
DA:4893,2
DA:4894,2
DA:4895,2
DA:4896,0
DA:4897,2
DA:4898,2
DA:4899,0
DA:4900,0
DA:4901,0
DA:4902,2
DA:4903,2
DA:4904,2
DA:4905,2
DA:4906,2
DA:4907,2
DA:4908,2
DA:4909,2
DA:4910,0
DA:4911,0
DA:4912,0
DA:4913,2
DA:4914,0
DA:4915,0
DA:4916,0
DA:4917,2
DA:4918,2
DA:4919,2
DA:4920,2
DA:4921,2
DA:4922,0
DA:4923,0
DA:4924,0
DA:4925,2
DA:4926,0
DA:4927,0
DA:4928,0
DA:4929,2
DA:4930,2
DA:4931,2
DA:4932,2
DA:4933,2
DA:4934,2
DA:4935,2
DA:4936,2
DA:4937,2
DA:4938,2
DA:4939,2
DA:4940,2
DA:4941,2
DA:4942,2
DA:4943,2
DA:4944,2
DA:4945,2
DA:4946,2
DA:4947,2
DA:4948,2
DA:4949,2
DA:4950,2
DA:4951,2
DA:4952,2
DA:4953,2
DA:4954,2
DA:4955,2
DA:4956,2
DA:4957,2
DA:4958,2
DA:4959,2
DA:4960,2
DA:4961,2
DA:4962,2
DA:4963,2
DA:4964,2
DA:4965,2
DA:4966,2
DA:4967,2
DA:4968,2
DA:4969,2
DA:4970,2
DA:4971,2
DA:4972,2
DA:4973,2
DA:4974,0
DA:4975,0
DA:4976,0
DA:4977,2
DA:4978,2
DA:4979,2
DA:4980,2
DA:4981,2
DA:4982,2
DA:4983,2
DA:4984,2
DA:4985,2
DA:4986,2
DA:4987,2
DA:4988,2
DA:4989,2
DA:4990,2
DA:4991,2
DA:4992,2
DA:4993,2
DA:4994,2
DA:4995,2
DA:4996,0
DA:4997,0
DA:4998,2
DA:4999,2
DA:5000,0
DA:5001,0
DA:5002,0
DA:5003,0
DA:5004,0
DA:5005,0
DA:5006,2
DA:5007,2
DA:5008,2
DA:5009,2
DA:5010,2
DA:5011,2
DA:5012,2
DA:5013,2
DA:5014,2
DA:5015,2
DA:5016,2
DA:5017,2
DA:5018,2
DA:5019,0
DA:5020,0
DA:5021,0
DA:5022,2
DA:5023,2
DA:5024,2
DA:5025,2
DA:5026,2
DA:5027,0
DA:5028,0
DA:5029,0
DA:5030,2
DA:5031,2
DA:5032,2
DA:5033,2
DA:5034,1
DA:5035,1
DA:5036,1
DA:5037,2
DA:5038,2
DA:5039,1
DA:5040,0
DA:5041,0
DA:5042,0
DA:5043,1
DA:5044,1
DA:5045,1
DA:5046,1
DA:5047,1
DA:5048,0
DA:5049,0
DA:5050,0
DA:5051,1
DA:5052,1
DA:5053,1
DA:5054,1
DA:5055,1
DA:5056,2
DA:5057,2
DA:5058,0
DA:5059,0
DA:5060,0
DA:5061,0
DA:5062,0
DA:5063,0
DA:5064,0
DA:5065,2
DA:5066,2
DA:5067,2
DA:5068,2
DA:5069,2
DA:5070,2
DA:5071,2
DA:5072,0
DA:5073,0
DA:5074,0
DA:5075,0
DA:5076,0
DA:5077,0
DA:5078,0
DA:5079,0
DA:5080,2
DA:5081,0
DA:5082,0
DA:5083,0
DA:5084,2
DA:5085,2
DA:5086,2
DA:5087,2
DA:5088,2
DA:5089,0
DA:5090,0
DA:5091,0
DA:5092,0
DA:5093,0
DA:5094,0
DA:5095,0
DA:5096,0
DA:5097,2
DA:5098,0
DA:5099,0
DA:5100,0
DA:5101,0
DA:5102,0
DA:5103,0
DA:5104,0
DA:5105,0
DA:5106,0
DA:5107,0
DA:5108,0
DA:5109,0
DA:5110,2
DA:5111,0
DA:5112,0
DA:5113,0
DA:5114,0
DA:5115,0
DA:5116,0
DA:5117,0
DA:5118,0
DA:5119,0
DA:5120,0
DA:5121,0
DA:5122,0
DA:5123,0
DA:5124,0
DA:5125,0
DA:5126,0
DA:5127,0
DA:5128,0
DA:5129,0
DA:5130,2
DA:5131,0
DA:5132,0
DA:5133,0
DA:5134,0
DA:5135,0
DA:5136,0
DA:5137,0
DA:5138,0
DA:5139,0
DA:5140,0
DA:5141,0
DA:5142,2
DA:5143,2
DA:5144,2
DA:5145,2
DA:5146,2
DA:5147,2
DA:5148,2
DA:5149,2
DA:5150,2
DA:5151,2
DA:5152,2
DA:5153,2
DA:5154,0
DA:5155,0
DA:5156,0
DA:5157,2
DA:5158,2
DA:5159,2
DA:5160,2
DA:5161,2
DA:5162,2
DA:5163,2
DA:5164,2
DA:5165,2
DA:5166,2
DA:5167,0
DA:5168,2
DA:5169,2
DA:5170,2
DA:5171,2
DA:5172,2
DA:5173,2
DA:5174,2
DA:5175,2
DA:5176,2
DA:5177,2
DA:5178,0
DA:5179,0
DA:5180,2
DA:5181,2
DA:5182,2
DA:5183,2
DA:5184,2
DA:5185,2
DA:5186,2
DA:5187,2
DA:5188,2
DA:5189,2
DA:5190,0
DA:5191,0
DA:5192,0
DA:5193,2
DA:5194,2
DA:5195,2
DA:5196,2
DA:5197,2
DA:5198,2
DA:5199,2
DA:5200,2
DA:5201,2
DA:5202,2
DA:5203,0
DA:5204,2
DA:5205,2
DA:5206,2
DA:5207,2
DA:5208,2
DA:5209,2
DA:5210,2
DA:5211,2
DA:5212,2
DA:5213,2
DA:5214,0
DA:5215,0
DA:5216,2
DA:5217,2
DA:5218,2
DA:5219,2
DA:5220,2
DA:5221,2
DA:5222,2
DA:5223,2
DA:5224,2
DA:5225,2
DA:5226,2
DA:5227,2
DA:5228,2
DA:5229,2
DA:5230,2
DA:5231,2
DA:5232,2
DA:5233,2
DA:5234,2
DA:5235,2
DA:5236,2
DA:5237,2
DA:5238,2
DA:5239,2
DA:5240,2
DA:5241,2
DA:5242,2
DA:5243,2
DA:5244,2
DA:5245,2
DA:5246,2
DA:5247,2
DA:5248,2
DA:5249,2
DA:5250,2
DA:5251,2
DA:5252,2
DA:5253,2
DA:5254,2
DA:5255,2
DA:5256,2
DA:5257,2
DA:5258,2
DA:5259,2
DA:5260,2
DA:5261,2
DA:5262,2
DA:5263,2
DA:5264,2
DA:5265,2
DA:5266,2
DA:5267,2
DA:5268,0
DA:5269,0
DA:5270,0
DA:5271,0
DA:5272,0
DA:5273,0
DA:5274,2
DA:5275,2
DA:5276,2
DA:5277,0
DA:5278,0
DA:5279,0
DA:5280,2
DA:5281,2
DA:5282,2
DA:5283,1
DA:5284,0
DA:5285,0
DA:5286,0
DA:5287,1
DA:5288,0
DA:5289,0
DA:5290,0
DA:5291,1
DA:5292,1
DA:5293,1
DA:5294,1
DA:5295,2
DA:5296,2
DA:5297,2
DA:5298,2
DA:5299,2
DA:5300,2
DA:5301,2
DA:5302,0
DA:5303,0
DA:5304,0
DA:5305,2
DA:5306,2
DA:5307,2
DA:5308,2
DA:5309,2
DA:5310,2
DA:5311,2
DA:5312,2
DA:5313,2
DA:5314,2
DA:5315,2
DA:5316,2
DA:5317,2
DA:5318,2
DA:5319,2
DA:5320,2
DA:5321,2
DA:5322,2
DA:5323,2
DA:5324,2
DA:5325,0
DA:5326,0
DA:5327,0
DA:5328,0
DA:5329,0
DA:5330,0
DA:5331,0
DA:5332,0
DA:5333,0
DA:5334,2
DA:5335,2
DA:5336,0
DA:5337,0
DA:5338,0
DA:5339,2
DA:5340,2
DA:5341,0
DA:5342,0
DA:5343,2
DA:5344,2
DA:5345,2
DA:5346,2
DA:5347,2
DA:5348,2
DA:5349,2
DA:5350,2
DA:5351,2
DA:5352,2
DA:5353,2
DA:5354,2
DA:5355,2
DA:5356,2
DA:5357,0
DA:5358,0
DA:5359,0
DA:5360,0
DA:5361,0
DA:5362,0
DA:5363,2
DA:5364,2
DA:5365,0
DA:5366,0
DA:5367,0
DA:5368,2
DA:5369,2
DA:5370,2
DA:5371,1
DA:5372,0
DA:5373,0
DA:5374,0
DA:5375,1
DA:5376,1
DA:5377,1
DA:5378,1
DA:5379,0
DA:5380,0
DA:5381,0
DA:5382,1
DA:5383,1
DA:5384,2
DA:5385,2
DA:5386,2
DA:5387,2
DA:5388,2
DA:5389,0
DA:5390,0
DA:5391,0
DA:5392,0
DA:5393,0
DA:5394,0
DA:5395,2
DA:5396,2
DA:5397,2
DA:5398,2
DA:5399,2
DA:5400,2
DA:5401,2
DA:5402,2
DA:5403,2
DA:5404,2
DA:5405,0
DA:5406,0
DA:5407,0
DA:5408,0
DA:5409,0
DA:5410,0
DA:5411,2
DA:5412,2
DA:5413,2
DA:5414,2
DA:5415,2
DA:5416,2
DA:5417,2
DA:5418,2
DA:5419,2
DA:5420,2
DA:5421,2
DA:5422,2
DA:5423,2
DA:5424,2
DA:5425,2
DA:5426,2
DA:5427,2
DA:5428,2
DA:5429,2
DA:5430,2
DA:5431,2
DA:5432,2
DA:5433,2
DA:5434,2
DA:5435,2
DA:5436,0
DA:5437,0
DA:5438,0
DA:5439,0
DA:5440,0
DA:5441,0
DA:5442,0
DA:5443,2
DA:5444,2
DA:5445,2
DA:5446,2
DA:5447,2
DA:5448,2
DA:5449,2
DA:5450,2
DA:5451,2
DA:5452,2
DA:5453,0
DA:5454,0
DA:5455,0
DA:5456,0
DA:5457,2
DA:5458,0
DA:5459,0
DA:5460,0
DA:5461,2
DA:5462,0
DA:5463,0
DA:5464,0
DA:5465,2
DA:5466,2
DA:5467,2
DA:5468,2
DA:5469,2
DA:5470,2
DA:5471,2
DA:5472,0
DA:5473,0
DA:5474,0
DA:5475,2
DA:5476,2
DA:5477,2
DA:5478,2
DA:5479,2
DA:5480,2
DA:5481,0
DA:5482,0
DA:5483,0
DA:5484,0
DA:5485,0
DA:5486,2
DA:5487,0
DA:5488,0
DA:5489,0
DA:5490,0
DA:5491,0
DA:5492,0
DA:5493,0
DA:5494,0
DA:5495,0
DA:5496,2
DA:5497,0
DA:5498,0
DA:5499,0
DA:5500,0
DA:5501,0
DA:5502,0
DA:5503,0
DA:5504,0
DA:5505,0
DA:5506,0
DA:5507,0
DA:5508,0
DA:5509,0
DA:5510,0
DA:5511,0
DA:5512,0
DA:5513,0
DA:5514,0
DA:5515,0
DA:5516,0
DA:5517,0
DA:5518,0
DA:5519,0
DA:5520,0
DA:5521,0
DA:5522,0
DA:5523,0
DA:5524,0
DA:5525,0
DA:5526,0
DA:5527,0
DA:5528,0
DA:5529,0
DA:5530,0
DA:5531,0
DA:5532,0
DA:5533,0
DA:5534,0
DA:5535,0
DA:5536,0
DA:5537,0
DA:5538,0
DA:5539,0
DA:5540,0
DA:5541,0
DA:5542,0
DA:5543,0
DA:5544,0
DA:5545,0
DA:5546,0
DA:5547,0
DA:5548,2
DA:5549,2
DA:5550,2
DA:5551,2
DA:5552,0
DA:5553,0
DA:5554,0
DA:5555,0
DA:5556,0
DA:5557,0
DA:5558,0
DA:5559,0
DA:5560,0
DA:5561,0
DA:5562,0
DA:5563,0
DA:5564,0
DA:5565,0
DA:5566,0
DA:5567,0
DA:5568,0
DA:5569,0
DA:5570,0
DA:5571,0
DA:5572,0
DA:5573,0
DA:5574,0
DA:5575,0
DA:5576,0
DA:5577,0
DA:5578,0
DA:5579,0
DA:5580,0
DA:5581,0
DA:5582,0
DA:5583,0
DA:5584,0
DA:5585,0
DA:5586,0
DA:5587,0
DA:5588,0
DA:5589,0
DA:5590,0
DA:5591,0
DA:5592,0
DA:5593,0
DA:5594,0
DA:5595,0
DA:5596,0
DA:5597,0
DA:5598,0
DA:5599,0
DA:5600,0
DA:5601,0
DA:5602,0
DA:5603,0
DA:5604,0
DA:5605,0
DA:5606,0
DA:5607,0
DA:5608,0
DA:5609,0
DA:5610,0
DA:5611,0
DA:5612,0
DA:5613,0
DA:5614,0
DA:5615,0
DA:5616,0
DA:5617,0
DA:5618,0
DA:5619,0
DA:5620,2
DA:5621,2
DA:5622,2
DA:5623,0
DA:5624,0
DA:5625,0
DA:5626,0
DA:5627,0
DA:5628,0
DA:5629,2
DA:5630,0
DA:5631,0
DA:5632,0
DA:5633,0
DA:5634,0
DA:5635,2
DA:5636,2
LF:5636
LH:2986
BRDA:1,0,0,2
BRDA:8,1,0,2
BRDA:8,2,0,2
BRDA:10,3,0,2
BRDA:50,4,0,2
BRDA:52,5,0,2
BRDA:52,6,0,2
BRDA:54,7,0,2
BRDA:54,8,0,2
BRDA:54,9,0,2
BRDA:93,10,0,2
BRDA:99,11,0,2
BRDA:102,12,0,2
BRDA:116,13,0,2
BRDA:158,14,0,2
BRDA:212,15,0,2
BRDA:230,16,0,2
BRDA:239,17,0,2
BRDA:243,18,0,2
BRDA:247,19,0,2
BRDA:251,20,0,2
BRDA:256,21,0,2
BRDA:280,22,0,2
BRDA:301,23,0,2
BRDA:304,24,0,2
BRDA:306,25,0,2
BRDA:309,26,0,2
BRDA:326,27,0,2
BRDA:352,28,0,2
BRDA:373,29,0,2
BRDA:388,30,0,2
BRDA:392,31,0,2
BRDA:399,32,0,2
BRDA:402,33,0,2
BRDA:412,34,0,2
BRDA:436,35,0,2
BRDA:440,36,0,2
BRDA:450,37,0,2
BRDA:456,38,0,2
BRDA:476,39,0,2
BRDA:484,40,0,2
BRDA:488,41,0,2
BRDA:496,42,0,2
BRDA:535,43,0,2
BRDA:586,44,0,2
BRDA:672,45,0,2
BRDA:679,46,0,2
BRDA:688,47,0,2
BRDA:690,48,0,2
BRDA:697,49,0,2
BRDA:701,50,0,2
BRDA:732,51,0,2
BRDA:797,52,0,2
BRDA:826,53,0,2
BRDA:844,54,0,2
BRDA:856,55,0,2
BRDA:874,56,0,2
BRDA:885,57,0,2
BRDA:925,58,0,2
BRDA:944,59,0,2
BRDA:959,60,0,2
BRDA:965,61,0,2
BRDA:975,62,0,2
BRDA:987,63,0,2
BRDA:991,64,0,2
BRDA:995,65,0,2
BRDA:999,66,0,2
BRDA:1003,67,0,2
BRDA:1009,68,0,2
BRDA:1025,69,0,2
BRDA:1037,70,0,2
BRDA:1051,71,0,2
BRDA:1060,72,0,2
BRDA:1064,73,0,2
BRDA:1078,74,0,2
BRDA:1105,75,0,2
BRDA:1119,76,0,2
BRDA:1165,77,0,2
BRDA:1169,78,0,2
BRDA:1173,79,0,2
BRDA:1202,80,0,2
BRDA:1209,81,0,2
BRDA:1211,82,0,2
BRDA:1215,83,0,2
BRDA:1219,84,0,2
BRDA:1228,85,0,2
BRDA:1230,86,0,2
BRDA:1255,87,0,2
BRDA:1262,88,0,2
BRDA:1275,89,0,2
BRDA:1279,90,0,2
BRDA:1290,91,0,2
BRDA:1298,92,0,2
BRDA:1316,93,0,2
BRDA:1320,94,0,2
BRDA:1324,95,0,2
BRDA:1326,96,0,2
BRDA:1331,97,0,2
BRDA:1356,98,0,2
BRDA:1380,99,0,2
BRDA:1389,100,0,2
BRDA:1393,101,0,2
BRDA:1395,102,0,2
BRDA:1421,103,0,2
BRDA:1426,104,0,2
BRDA:1452,105,0,2
BRDA:1461,106,0,2
BRDA:1469,107,0,2
BRDA:1494,108,0,2
BRDA:1500,109,0,2
BRDA:1506,110,0,2
BRDA:1510,111,0,2
BRDA:1523,112,0,2
BRDA:1550,113,0,2
BRDA:1554,114,0,2
BRDA:1562,115,0,2
BRDA:1589,116,0,2
BRDA:1593,117,0,2
BRDA:1605,118,0,2
BRDA:1621,119,0,2
BRDA:1632,120,0,2
BRDA:1636,121,0,2
BRDA:1648,122,0,2
BRDA:1694,123,0,2
BRDA:1733,124,0,2
BRDA:1737,125,0,2
BRDA:1742,126,0,2
BRDA:1744,127,0,2
BRDA:1775,128,0,2
BRDA:1779,129,0,2
BRDA:1802,130,0,2
BRDA:1806,131,0,2
BRDA:1808,132,0,2
BRDA:1831,133,0,2
BRDA:1862,134,0,2
BRDA:1866,135,0,2
BRDA:1870,136,0,2
BRDA:1893,137,0,2
BRDA:1897,138,0,2
BRDA:1906,139,0,2
BRDA:1921,140,0,2
BRDA:1932,141,0,2
BRDA:1936,142,0,2
BRDA:1943,143,0,2
BRDA:1959,144,0,2
BRDA:1971,145,0,2
BRDA:1975,146,0,2
BRDA:1982,147,0,2
BRDA:2018,148,0,2
BRDA:2021,149,0,2
BRDA:2025,150,0,2
BRDA:2029,151,0,2
BRDA:2041,152,0,2
BRDA:2057,153,0,2
BRDA:2068,154,0,2
BRDA:2077,155,0,2
BRDA:2081,156,0,2
BRDA:2095,157,0,2
BRDA:2107,158,0,2
BRDA:2119,159,0,2
BRDA:2125,160,0,2
BRDA:2133,161,0,2
BRDA:2145,162,0,2
BRDA:2153,163,0,2
BRDA:2158,164,0,2
BRDA:2165,165,0,2
BRDA:2174,166,0,2
BRDA:2179,167,0,2
BRDA:2185,168,0,2
BRDA:2194,169,0,2
BRDA:2204,170,0,2
BRDA:2208,171,0,2
BRDA:2224,172,0,2
BRDA:2242,173,0,2
BRDA:2247,174,0,2
BRDA:2261,175,0,2
BRDA:2270,176,0,2
BRDA:2279,177,0,2
BRDA:2283,178,0,2
BRDA:2287,179,0,2
BRDA:2291,180,0,2
BRDA:2295,181,0,2
BRDA:2299,182,0,2
BRDA:2303,183,0,2
BRDA:2307,184,0,2
BRDA:2311,185,0,2
BRDA:2315,186,0,2
BRDA:2319,187,0,2
BRDA:2323,188,0,2
BRDA:2327,189,0,2
BRDA:2331,190,0,2
BRDA:2335,191,0,2
BRDA:2339,192,0,2
BRDA:2343,193,0,2
BRDA:2347,194,0,2
BRDA:2351,195,0,2
BRDA:2359,196,0,2
BRDA:2377,197,0,2
BRDA:2416,198,0,2
BRDA:2423,199,0,2
BRDA:2440,200,0,2
BRDA:2455,201,0,2
BRDA:2477,202,0,2
BRDA:2494,203,0,2
BRDA:2521,204,0,2
BRDA:2591,205,0,2
BRDA:2605,206,0,2
BRDA:2612,207,0,2
BRDA:2613,208,0,2
BRDA:2614,209,0,2
BRDA:2626,210,0,2
BRDA:2630,211,0,2
BRDA:2639,212,0,2
BRDA:2649,213,0,2
BRDA:2659,214,0,2
BRDA:2675,215,0,2
BRDA:2683,216,0,2
BRDA:2711,217,0,2
BRDA:2737,218,0,2
BRDA:2745,219,0,2
BRDA:2747,220,0,2
BRDA:2749,221,0,2
BRDA:2762,222,0,2
BRDA:2778,223,0,2
BRDA:2825,224,0,2
BRDA:2827,225,0,2
BRDA:2839,226,0,2
BRDA:2873,227,0,2
BRDA:2881,228,0,2
BRDA:2888,229,0,2
BRDA:2904,230,0,2
BRDA:2925,231,0,2
BRDA:3062,232,0,2
BRDA:3081,233,0,2
BRDA:3084,234,0,2
BRDA:3094,235,0,2
BRDA:3105,236,0,2
BRDA:3116,237,0,2
BRDA:3132,238,0,2
BRDA:3135,239,0,2
BRDA:3137,240,0,2
BRDA:3147,241,0,2
BRDA:3155,242,0,2
BRDA:3177,243,0,2
BRDA:3188,244,0,2
BRDA:3198,245,0,2
BRDA:3253,246,0,2
BRDA:3259,247,0,2
BRDA:3265,248,0,2
BRDA:3294,249,0,2
BRDA:3302,250,0,2
BRDA:3310,251,0,2
BRDA:3318,252,0,2
BRDA:3339,253,0,2
BRDA:3398,254,0,2
BRDA:3402,255,0,2
BRDA:3464,256,0,2
BRDA:3539,257,0,2
BRDA:3552,258,0,2
BRDA:3556,259,0,2
BRDA:3558,260,0,2
BRDA:3562,261,0,2
BRDA:3593,262,0,2
BRDA:3622,263,0,2
BRDA:3627,264,0,2
BRDA:3635,265,0,2
BRDA:3652,266,0,2
BRDA:3664,267,0,2
BRDA:3668,268,0,2
BRDA:3672,269,0,2
BRDA:3681,270,0,2
BRDA:3685,271,0,2
BRDA:3693,272,0,2
BRDA:3699,273,0,2
BRDA:3724,274,0,2
BRDA:3728,275,0,2
BRDA:3733,276,0,2
BRDA:3735,277,0,2
BRDA:3737,278,0,2
BRDA:3755,279,0,2
BRDA:3759,280,0,2
BRDA:3812,281,0,2
BRDA:3825,282,0,2
BRDA:3829,283,0,2
BRDA:3833,284,0,2
BRDA:3837,285,0,2
BRDA:3845,286,0,2
BRDA:3852,287,0,2
BRDA:3861,288,0,2
BRDA:3865,289,0,2
BRDA:3872,290,0,2
BRDA:3876,291,0,2
BRDA:3890,292,0,2
BRDA:3894,293,0,2
BRDA:3904,294,0,2
BRDA:3954,295,0,2
BRDA:3958,296,0,2
BRDA:3972,297,0,2
BRDA:4029,298,0,2
BRDA:4033,299,0,2
BRDA:4059,300,0,2
BRDA:4070,301,0,2
BRDA:4084,302,0,2
BRDA:4119,303,0,2
BRDA:4130,304,0,2
BRDA:4134,305,0,2
BRDA:4141,306,0,2
BRDA:4147,307,0,2
BRDA:4157,308,0,2
BRDA:4172,309,0,2
BRDA:4176,310,0,2
BRDA:4205,311,0,2
BRDA:4209,312,0,2
BRDA:4242,313,0,2
BRDA:4319,314,0,2
BRDA:4326,315,0,2
BRDA:4330,316,0,2
BRDA:4337,317,0,2
BRDA:4343,318,0,2
BRDA:4353,319,0,2
BRDA:4363,320,0,2
BRDA:4380,321,0,2
BRDA:4394,322,0,2
BRDA:4414,323,0,2
BRDA:4419,324,0,2
BRDA:4431,325,0,2
BRDA:4464,326,0,2
BRDA:4468,327,0,2
BRDA:4724,328,0,2
BRDA:4724,329,0,2
BRDA:4744,330,0,2
BRDA:4795,331,0,2
BRDA:4802,332,0,2
BRDA:4813,333,0,2
BRDA:4822,334,0,2
BRDA:4830,335,0,2
BRDA:4834,336,0,2
BRDA:4835,337,0,2
BRDA:4837,338,0,2
BRDA:4845,339,0,2
BRDA:4847,340,0,2
BRDA:4868,341,0,2
BRDA:4877,342,0,2
BRDA:4883,343,0,2
BRDA:4889,344,0,2
BRDA:4896,345,0,2
BRDA:4899,346,0,2
BRDA:4901,347,0,2
BRDA:4912,348,0,2
BRDA:4916,349,0,2
BRDA:4924,350,0,2
BRDA:4928,351,0,2
BRDA:4976,352,0,2
BRDA:4997,353,0,2
BRDA:5005,354,0,2
BRDA:5021,355,0,2
BRDA:5029,356,0,2
BRDA:5036,357,0,2
BRDA:5042,358,0,2
BRDA:5050,359,0,2
BRDA:5060,360,0,2
BRDA:5064,361,0,2
BRDA:5079,362,0,2
BRDA:5083,363,0,2
BRDA:5096,364,0,2
BRDA:5109,365,0,2
BRDA:5129,366,0,2
BRDA:5141,367,0,2
BRDA:5156,368,0,2
BRDA:5167,369,0,2
BRDA:5180,370,0,2
BRDA:5192,371,0,2
BRDA:5203,372,0,2
BRDA:5216,373,0,2
BRDA:5273,374,0,2
BRDA:5279,375,0,2
BRDA:5286,376,0,2
BRDA:5290,377,0,2
BRDA:5304,378,0,2
BRDA:5333,379,0,2
BRDA:5338,380,0,2
BRDA:5342,381,0,2
BRDA:5362,382,0,2
BRDA:5367,383,0,2
BRDA:5374,384,0,2
BRDA:5381,385,0,2
BRDA:5391,386,0,2
BRDA:5394,387,0,2
BRDA:5410,388,0,2
BRDA:5442,389,0,2
BRDA:5456,390,0,2
BRDA:5460,391,0,2
BRDA:5464,392,0,2
BRDA:5474,393,0,2
BRDA:5485,394,0,2
BRDA:5495,395,0,2
BRDA:5547,396,0,2
BRDA:5619,397,0,2
BRDA:5628,398,0,2
BRDA:5634,399,0,2
